[2021-12-17 15:33:31,973] {taskinstance.py:1035} INFO - Dependencies all met for <TaskInstance: my_dag.training_model_C scheduled__2021-12-16T00:00:00+00:00 [queued]>
[2021-12-17 15:33:31,983] {taskinstance.py:1035} INFO - Dependencies all met for <TaskInstance: my_dag.training_model_C scheduled__2021-12-16T00:00:00+00:00 [queued]>
[2021-12-17 15:33:31,983] {taskinstance.py:1241} INFO - 
--------------------------------------------------------------------------------
[2021-12-17 15:33:31,983] {taskinstance.py:1242} INFO - Starting attempt 1 of 1
[2021-12-17 15:33:31,983] {taskinstance.py:1243} INFO - 
--------------------------------------------------------------------------------
[2021-12-17 15:33:32,012] {taskinstance.py:1262} INFO - Executing <Task(PythonOperator): training_model_C> on 2021-12-16 00:00:00+00:00
[2021-12-17 15:33:32,013] {standard_task_runner.py:52} INFO - Started process 12795 to run task
[2021-12-17 15:33:32,016] {standard_task_runner.py:76} INFO - Running: ['airflow', 'tasks', 'run', 'my_dag', 'training_model_C', 'scheduled__2021-12-16T00:00:00+00:00', '--job-id', '11', '--raw', '--subdir', 'DAGS_FOLDER/my_dag.py', '--cfg-path', '/tmp/tmps5cwyj74', '--error-file', '/tmp/tmpz2_bcn0q']
[2021-12-17 15:33:32,022] {standard_task_runner.py:77} INFO - Job 11: Subtask training_model_C
[2021-12-17 15:33:32,077] {logging_mixin.py:109} INFO - Running <TaskInstance: my_dag.training_model_C scheduled__2021-12-16T00:00:00+00:00 [running]> on host sofienkhanfir-VirtualBox
[2021-12-17 15:33:32,123] {taskinstance.py:1427} INFO - Exporting the following env vars:
AIRFLOW_CTX_DAG_OWNER=airflow
AIRFLOW_CTX_DAG_ID=my_dag
AIRFLOW_CTX_TASK_ID=training_model_C
AIRFLOW_CTX_EXECUTION_DATE=2021-12-16T00:00:00+00:00
AIRFLOW_CTX_DAG_RUN_ID=scheduled__2021-12-16T00:00:00+00:00
[2021-12-17 15:33:32,123] {python.py:152} INFO - Done. Returned value was: 9
[2021-12-17 15:33:32,140] {taskinstance.py:1270} INFO - Marking task as SUCCESS. dag_id=my_dag, task_id=training_model_C, execution_date=20211216T000000, start_date=20211217T143331, end_date=20211217T143332
[2021-12-17 15:33:32,173] {local_task_job.py:154} INFO - Task exited with return code 0
[2021-12-17 15:33:32,207] {local_task_job.py:264} INFO - 1 downstream tasks scheduled from follow-on schedule check
