[2021-12-17 21:49:55,173] {taskinstance.py:1035} INFO - Dependencies all met for <TaskInstance: dag_of_spark_files.Mariepen scheduled__2021-12-17T20:00:00+00:00 [queued]>
[2021-12-17 21:49:55,192] {taskinstance.py:1035} INFO - Dependencies all met for <TaskInstance: dag_of_spark_files.Mariepen scheduled__2021-12-17T20:00:00+00:00 [queued]>
[2021-12-17 21:49:55,192] {taskinstance.py:1241} INFO - 
--------------------------------------------------------------------------------
[2021-12-17 21:49:55,192] {taskinstance.py:1242} INFO - Starting attempt 1 of 1
[2021-12-17 21:49:55,194] {taskinstance.py:1243} INFO - 
--------------------------------------------------------------------------------
[2021-12-17 21:49:55,216] {taskinstance.py:1262} INFO - Executing <Task(PythonOperator): Mariepen> on 2021-12-17 20:00:00+00:00
[2021-12-17 21:49:55,218] {standard_task_runner.py:52} INFO - Started process 53167 to run task
[2021-12-17 21:49:55,242] {standard_task_runner.py:76} INFO - Running: ['airflow', 'tasks', 'run', 'dag_of_spark_files', 'Mariepen', 'scheduled__2021-12-17T20:00:00+00:00', '--job-id', '45', '--raw', '--subdir', 'DAGS_FOLDER/my_dag.py', '--cfg-path', '/tmp/tmp__gs3oaq', '--error-file', '/tmp/tmpvo8vg6ou']
[2021-12-17 21:49:55,247] {standard_task_runner.py:77} INFO - Job 45: Subtask Mariepen
[2021-12-17 21:49:55,357] {logging_mixin.py:109} INFO - Running <TaskInstance: dag_of_spark_files.Mariepen scheduled__2021-12-17T20:00:00+00:00 [running]> on host sofienkhanfir-VirtualBox
[2021-12-17 21:49:55,456] {taskinstance.py:1427} INFO - Exporting the following env vars:
AIRFLOW_CTX_DAG_OWNER=airflow
AIRFLOW_CTX_DAG_ID=dag_of_spark_files
AIRFLOW_CTX_TASK_ID=Mariepen
AIRFLOW_CTX_EXECUTION_DATE=2021-12-17T20:00:00+00:00
AIRFLOW_CTX_DAG_RUN_ID=scheduled__2021-12-17T20:00:00+00:00
[2021-12-17 21:50:22,530] {python.py:152} INFO - Done. Returned value was: None
[2021-12-17 21:50:22,542] {taskinstance.py:1270} INFO - Marking task as SUCCESS. dag_id=dag_of_spark_files, task_id=Mariepen, execution_date=20211217T200000, start_date=20211217T204955, end_date=20211217T205022
[2021-12-17 21:50:22,570] {local_task_job.py:154} INFO - Task exited with return code 0
[2021-12-17 21:50:22,652] {local_task_job.py:264} INFO - 1 downstream tasks scheduled from follow-on schedule check
