[2021-12-17 21:46:27,411] {taskinstance.py:1035} INFO - Dependencies all met for <TaskInstance: dag_of_spark_files.Mariepen scheduled__2021-12-16T00:00:00+00:00 [queued]>
[2021-12-17 21:46:27,485] {taskinstance.py:1035} INFO - Dependencies all met for <TaskInstance: dag_of_spark_files.Mariepen scheduled__2021-12-16T00:00:00+00:00 [queued]>
[2021-12-17 21:46:27,485] {taskinstance.py:1241} INFO - 
--------------------------------------------------------------------------------
[2021-12-17 21:46:27,485] {taskinstance.py:1242} INFO - Starting attempt 1 of 1
[2021-12-17 21:46:27,485] {taskinstance.py:1243} INFO - 
--------------------------------------------------------------------------------
[2021-12-17 21:46:27,536] {taskinstance.py:1262} INFO - Executing <Task(PythonOperator): Mariepen> on 2021-12-16 00:00:00+00:00
[2021-12-17 21:46:27,539] {standard_task_runner.py:52} INFO - Started process 51277 to run task
[2021-12-17 21:46:27,563] {standard_task_runner.py:76} INFO - Running: ['airflow', 'tasks', 'run', 'dag_of_spark_files', 'Mariepen', 'scheduled__2021-12-16T00:00:00+00:00', '--job-id', '37', '--raw', '--subdir', 'DAGS_FOLDER/my_dag.py', '--cfg-path', '/tmp/tmpyxzi961o', '--error-file', '/tmp/tmpsyzyoqoi']
[2021-12-17 21:46:27,563] {standard_task_runner.py:77} INFO - Job 37: Subtask Mariepen
[2021-12-17 21:46:27,673] {logging_mixin.py:109} INFO - Running <TaskInstance: dag_of_spark_files.Mariepen scheduled__2021-12-16T00:00:00+00:00 [running]> on host sofienkhanfir-VirtualBox
[2021-12-17 21:46:27,840] {taskinstance.py:1427} INFO - Exporting the following env vars:
AIRFLOW_CTX_DAG_OWNER=airflow
AIRFLOW_CTX_DAG_ID=dag_of_spark_files
AIRFLOW_CTX_TASK_ID=Mariepen
AIRFLOW_CTX_EXECUTION_DATE=2021-12-16T00:00:00+00:00
AIRFLOW_CTX_DAG_RUN_ID=scheduled__2021-12-16T00:00:00+00:00
[2021-12-17 21:46:53,202] {python.py:152} INFO - Done. Returned value was: None
[2021-12-17 21:46:53,239] {taskinstance.py:1270} INFO - Marking task as SUCCESS. dag_id=dag_of_spark_files, task_id=Mariepen, execution_date=20211216T000000, start_date=20211217T204627, end_date=20211217T204653
[2021-12-17 21:46:53,344] {local_task_job.py:154} INFO - Task exited with return code 0
[2021-12-17 21:46:53,600] {local_task_job.py:264} INFO - 1 downstream tasks scheduled from follow-on schedule check
