[2021-12-17 21:51:45,520] {taskinstance.py:1035} INFO - Dependencies all met for <TaskInstance: dag_of_spark_files.Valerie_Pecresse scheduled__2021-12-17T20:00:00+00:00 [queued]>
[2021-12-17 21:51:45,529] {taskinstance.py:1035} INFO - Dependencies all met for <TaskInstance: dag_of_spark_files.Valerie_Pecresse scheduled__2021-12-17T20:00:00+00:00 [queued]>
[2021-12-17 21:51:45,529] {taskinstance.py:1241} INFO - 
--------------------------------------------------------------------------------
[2021-12-17 21:51:45,529] {taskinstance.py:1242} INFO - Starting attempt 1 of 1
[2021-12-17 21:51:45,529] {taskinstance.py:1243} INFO - 
--------------------------------------------------------------------------------
[2021-12-17 21:51:45,538] {taskinstance.py:1262} INFO - Executing <Task(PythonOperator): Valerie_Pecresse> on 2021-12-17 20:00:00+00:00
[2021-12-17 21:51:45,540] {standard_task_runner.py:52} INFO - Started process 53991 to run task
[2021-12-17 21:51:45,545] {standard_task_runner.py:76} INFO - Running: ['airflow', 'tasks', 'run', 'dag_of_spark_files', 'Valerie_Pecresse', 'scheduled__2021-12-17T20:00:00+00:00', '--job-id', '52', '--raw', '--subdir', 'DAGS_FOLDER/my_dag.py', '--cfg-path', '/tmp/tmpg1m4h34m', '--error-file', '/tmp/tmp2fcf86qc']
[2021-12-17 21:51:45,546] {standard_task_runner.py:77} INFO - Job 52: Subtask Valerie_Pecresse
[2021-12-17 21:51:45,565] {logging_mixin.py:109} INFO - Running <TaskInstance: dag_of_spark_files.Valerie_Pecresse scheduled__2021-12-17T20:00:00+00:00 [running]> on host sofienkhanfir-VirtualBox
[2021-12-17 21:51:45,595] {taskinstance.py:1427} INFO - Exporting the following env vars:
AIRFLOW_CTX_DAG_OWNER=airflow
AIRFLOW_CTX_DAG_ID=dag_of_spark_files
AIRFLOW_CTX_TASK_ID=Valerie_Pecresse
AIRFLOW_CTX_EXECUTION_DATE=2021-12-17T20:00:00+00:00
AIRFLOW_CTX_DAG_RUN_ID=scheduled__2021-12-17T20:00:00+00:00
[2021-12-17 21:52:16,953] {python.py:152} INFO - Done. Returned value was: None
[2021-12-17 21:52:16,960] {taskinstance.py:1270} INFO - Marking task as SUCCESS. dag_id=dag_of_spark_files, task_id=Valerie_Pecresse, execution_date=20211217T200000, start_date=20211217T205145, end_date=20211217T205216
