[2021-12-17 15:33:37,179] {taskinstance.py:1035} INFO - Dependencies all met for <TaskInstance: my_dag.training_model_B manual__2021-12-17T14:33:24.198229+00:00 [queued]>
[2021-12-17 15:33:37,187] {taskinstance.py:1035} INFO - Dependencies all met for <TaskInstance: my_dag.training_model_B manual__2021-12-17T14:33:24.198229+00:00 [queued]>
[2021-12-17 15:33:37,187] {taskinstance.py:1241} INFO - 
--------------------------------------------------------------------------------
[2021-12-17 15:33:37,187] {taskinstance.py:1242} INFO - Starting attempt 1 of 1
[2021-12-17 15:33:37,187] {taskinstance.py:1243} INFO - 
--------------------------------------------------------------------------------
[2021-12-17 15:33:37,201] {taskinstance.py:1262} INFO - Executing <Task(PythonOperator): training_model_B> on 2021-12-17 14:33:24.198229+00:00
[2021-12-17 15:33:37,202] {standard_task_runner.py:52} INFO - Started process 12833 to run task
[2021-12-17 15:33:37,205] {standard_task_runner.py:76} INFO - Running: ['airflow', 'tasks', 'run', 'my_dag', 'training_model_B', 'manual__2021-12-17T14:33:24.198229+00:00', '--job-id', '13', '--raw', '--subdir', 'DAGS_FOLDER/my_dag.py', '--cfg-path', '/tmp/tmpyqg4r2ej', '--error-file', '/tmp/tmpt0reh8l8']
[2021-12-17 15:33:37,209] {standard_task_runner.py:77} INFO - Job 13: Subtask training_model_B
[2021-12-17 15:33:37,228] {logging_mixin.py:109} INFO - Running <TaskInstance: my_dag.training_model_B manual__2021-12-17T14:33:24.198229+00:00 [running]> on host sofienkhanfir-VirtualBox
[2021-12-17 15:33:37,265] {taskinstance.py:1427} INFO - Exporting the following env vars:
AIRFLOW_CTX_DAG_OWNER=airflow
AIRFLOW_CTX_DAG_ID=my_dag
AIRFLOW_CTX_TASK_ID=training_model_B
AIRFLOW_CTX_EXECUTION_DATE=2021-12-17T14:33:24.198229+00:00
AIRFLOW_CTX_DAG_RUN_ID=manual__2021-12-17T14:33:24.198229+00:00
[2021-12-17 15:33:37,265] {python.py:152} INFO - Done. Returned value was: 9
[2021-12-17 15:33:37,277] {taskinstance.py:1270} INFO - Marking task as SUCCESS. dag_id=my_dag, task_id=training_model_B, execution_date=20211217T143324, start_date=20211217T143337, end_date=20211217T143337
[2021-12-17 15:33:37,303] {local_task_job.py:154} INFO - Task exited with return code 0
[2021-12-17 15:33:37,324] {local_task_job.py:264} INFO - 0 downstream tasks scheduled from follow-on schedule check
