[2021-12-17 21:46:56,995] {taskinstance.py:1035} INFO - Dependencies all met for <TaskInstance: dag_of_spark_files.Mariepen manual__2021-12-17T20:46:22.705990+00:00 [queued]>
[2021-12-17 21:46:57,010] {taskinstance.py:1035} INFO - Dependencies all met for <TaskInstance: dag_of_spark_files.Mariepen manual__2021-12-17T20:46:22.705990+00:00 [queued]>
[2021-12-17 21:46:57,010] {taskinstance.py:1241} INFO - 
--------------------------------------------------------------------------------
[2021-12-17 21:46:57,010] {taskinstance.py:1242} INFO - Starting attempt 1 of 1
[2021-12-17 21:46:57,010] {taskinstance.py:1243} INFO - 
--------------------------------------------------------------------------------
[2021-12-17 21:46:57,025] {taskinstance.py:1262} INFO - Executing <Task(PythonOperator): Mariepen> on 2021-12-17 20:46:22.705990+00:00
[2021-12-17 21:46:57,027] {standard_task_runner.py:52} INFO - Started process 51586 to run task
[2021-12-17 21:46:57,030] {standard_task_runner.py:76} INFO - Running: ['airflow', 'tasks', 'run', 'dag_of_spark_files', 'Mariepen', 'manual__2021-12-17T20:46:22.705990+00:00', '--job-id', '38', '--raw', '--subdir', 'DAGS_FOLDER/my_dag.py', '--cfg-path', '/tmp/tmpmjotw1dh', '--error-file', '/tmp/tmpr9bgsve5']
[2021-12-17 21:46:57,031] {standard_task_runner.py:77} INFO - Job 38: Subtask Mariepen
[2021-12-17 21:46:57,069] {logging_mixin.py:109} INFO - Running <TaskInstance: dag_of_spark_files.Mariepen manual__2021-12-17T20:46:22.705990+00:00 [running]> on host sofienkhanfir-VirtualBox
[2021-12-17 21:46:57,109] {taskinstance.py:1427} INFO - Exporting the following env vars:
AIRFLOW_CTX_DAG_OWNER=airflow
AIRFLOW_CTX_DAG_ID=dag_of_spark_files
AIRFLOW_CTX_TASK_ID=Mariepen
AIRFLOW_CTX_EXECUTION_DATE=2021-12-17T20:46:22.705990+00:00
AIRFLOW_CTX_DAG_RUN_ID=manual__2021-12-17T20:46:22.705990+00:00
[2021-12-17 21:47:21,715] {python.py:152} INFO - Done. Returned value was: None
[2021-12-17 21:47:21,735] {taskinstance.py:1270} INFO - Marking task as SUCCESS. dag_id=dag_of_spark_files, task_id=Mariepen, execution_date=20211217T204622, start_date=20211217T204656, end_date=20211217T204721
[2021-12-17 21:47:21,864] {local_task_job.py:154} INFO - Task exited with return code 0
[2021-12-17 21:47:22,050] {local_task_job.py:264} INFO - 1 downstream tasks scheduled from follow-on schedule check
