[2021-12-17 21:47:27,585] {taskinstance.py:1035} INFO - Dependencies all met for <TaskInstance: dag_of_spark_files.Yannick_Jadot scheduled__2021-12-16T00:00:00+00:00 [queued]>
[2021-12-17 21:47:27,601] {taskinstance.py:1035} INFO - Dependencies all met for <TaskInstance: dag_of_spark_files.Yannick_Jadot scheduled__2021-12-16T00:00:00+00:00 [queued]>
[2021-12-17 21:47:27,601] {taskinstance.py:1241} INFO - 
--------------------------------------------------------------------------------
[2021-12-17 21:47:27,601] {taskinstance.py:1242} INFO - Starting attempt 1 of 1
[2021-12-17 21:47:27,601] {taskinstance.py:1243} INFO - 
--------------------------------------------------------------------------------
[2021-12-17 21:47:27,617] {taskinstance.py:1262} INFO - Executing <Task(PythonOperator): Yannick_Jadot> on 2021-12-16 00:00:00+00:00
[2021-12-17 21:47:27,618] {standard_task_runner.py:52} INFO - Started process 51901 to run task
[2021-12-17 21:47:27,621] {standard_task_runner.py:76} INFO - Running: ['airflow', 'tasks', 'run', 'dag_of_spark_files', 'Yannick_Jadot', 'scheduled__2021-12-16T00:00:00+00:00', '--job-id', '39', '--raw', '--subdir', 'DAGS_FOLDER/my_dag.py', '--cfg-path', '/tmp/tmp07rp4x4h', '--error-file', '/tmp/tmp2nb2o84c']
[2021-12-17 21:47:27,629] {standard_task_runner.py:77} INFO - Job 39: Subtask Yannick_Jadot
[2021-12-17 21:47:27,668] {logging_mixin.py:109} INFO - Running <TaskInstance: dag_of_spark_files.Yannick_Jadot scheduled__2021-12-16T00:00:00+00:00 [running]> on host sofienkhanfir-VirtualBox
[2021-12-17 21:47:27,716] {taskinstance.py:1427} INFO - Exporting the following env vars:
AIRFLOW_CTX_DAG_OWNER=airflow
AIRFLOW_CTX_DAG_ID=dag_of_spark_files
AIRFLOW_CTX_TASK_ID=Yannick_Jadot
AIRFLOW_CTX_EXECUTION_DATE=2021-12-16T00:00:00+00:00
AIRFLOW_CTX_DAG_RUN_ID=scheduled__2021-12-16T00:00:00+00:00
[2021-12-17 21:47:46,257] {python.py:152} INFO - Done. Returned value was: None
[2021-12-17 21:47:46,261] {taskinstance.py:1270} INFO - Marking task as SUCCESS. dag_id=dag_of_spark_files, task_id=Yannick_Jadot, execution_date=20211216T000000, start_date=20211217T204727, end_date=20211217T204746
[2021-12-17 21:47:46,302] {local_task_job.py:154} INFO - Task exited with return code 0
[2021-12-17 21:47:46,399] {local_task_job.py:264} INFO - 1 downstream tasks scheduled from follow-on schedule check
