[2021-12-17 15:33:27,092] {taskinstance.py:1035} INFO - Dependencies all met for <TaskInstance: my_dag.training_model_A scheduled__2021-12-16T00:00:00+00:00 [queued]>
[2021-12-17 15:33:27,110] {taskinstance.py:1035} INFO - Dependencies all met for <TaskInstance: my_dag.training_model_A scheduled__2021-12-16T00:00:00+00:00 [queued]>
[2021-12-17 15:33:27,110] {taskinstance.py:1241} INFO - 
--------------------------------------------------------------------------------
[2021-12-17 15:33:27,110] {taskinstance.py:1242} INFO - Starting attempt 1 of 1
[2021-12-17 15:33:27,110] {taskinstance.py:1243} INFO - 
--------------------------------------------------------------------------------
[2021-12-17 15:33:27,129] {taskinstance.py:1262} INFO - Executing <Task(PythonOperator): training_model_A> on 2021-12-16 00:00:00+00:00
[2021-12-17 15:33:27,131] {standard_task_runner.py:52} INFO - Started process 12755 to run task
[2021-12-17 15:33:27,138] {standard_task_runner.py:76} INFO - Running: ['airflow', 'tasks', 'run', 'my_dag', 'training_model_A', 'scheduled__2021-12-16T00:00:00+00:00', '--job-id', '9', '--raw', '--subdir', 'DAGS_FOLDER/my_dag.py', '--cfg-path', '/tmp/tmp11svr1yx', '--error-file', '/tmp/tmp25_teglj']
[2021-12-17 15:33:27,140] {standard_task_runner.py:77} INFO - Job 9: Subtask training_model_A
[2021-12-17 15:33:27,179] {logging_mixin.py:109} INFO - Running <TaskInstance: my_dag.training_model_A scheduled__2021-12-16T00:00:00+00:00 [running]> on host sofienkhanfir-VirtualBox
[2021-12-17 15:33:27,218] {taskinstance.py:1427} INFO - Exporting the following env vars:
AIRFLOW_CTX_DAG_OWNER=airflow
AIRFLOW_CTX_DAG_ID=my_dag
AIRFLOW_CTX_TASK_ID=training_model_A
AIRFLOW_CTX_EXECUTION_DATE=2021-12-16T00:00:00+00:00
AIRFLOW_CTX_DAG_RUN_ID=scheduled__2021-12-16T00:00:00+00:00
[2021-12-17 15:33:27,218] {python.py:152} INFO - Done. Returned value was: 10
[2021-12-17 15:33:27,252] {taskinstance.py:1270} INFO - Marking task as SUCCESS. dag_id=my_dag, task_id=training_model_A, execution_date=20211216T000000, start_date=20211217T143327, end_date=20211217T143327
[2021-12-17 15:33:27,279] {local_task_job.py:154} INFO - Task exited with return code 0
[2021-12-17 15:33:27,318] {local_task_job.py:264} INFO - 0 downstream tasks scheduled from follow-on schedule check
