[2021-12-17 21:48:35,593] {taskinstance.py:1035} INFO - Dependencies all met for <TaskInstance: dag_of_spark_files.Valerie_Pecresse manual__2021-12-17T20:46:22.705990+00:00 [queued]>
[2021-12-17 21:48:35,596] {taskinstance.py:1035} INFO - Dependencies all met for <TaskInstance: dag_of_spark_files.Valerie_Pecresse manual__2021-12-17T20:46:22.705990+00:00 [queued]>
[2021-12-17 21:48:35,596] {taskinstance.py:1241} INFO - 
--------------------------------------------------------------------------------
[2021-12-17 21:48:35,596] {taskinstance.py:1242} INFO - Starting attempt 1 of 1
[2021-12-17 21:48:35,597] {taskinstance.py:1243} INFO - 
--------------------------------------------------------------------------------
[2021-12-17 21:48:35,606] {taskinstance.py:1262} INFO - Executing <Task(PythonOperator): Valerie_Pecresse> on 2021-12-17 20:46:22.705990+00:00
[2021-12-17 21:48:35,608] {standard_task_runner.py:52} INFO - Started process 52480 to run task
[2021-12-17 21:48:35,612] {standard_task_runner.py:76} INFO - Running: ['airflow', 'tasks', 'run', 'dag_of_spark_files', 'Valerie_Pecresse', 'manual__2021-12-17T20:46:22.705990+00:00', '--job-id', '42', '--raw', '--subdir', 'DAGS_FOLDER/my_dag.py', '--cfg-path', '/tmp/tmp91tl7e1v', '--error-file', '/tmp/tmp1y0d74o6']
[2021-12-17 21:48:35,613] {standard_task_runner.py:77} INFO - Job 42: Subtask Valerie_Pecresse
[2021-12-17 21:48:35,637] {logging_mixin.py:109} INFO - Running <TaskInstance: dag_of_spark_files.Valerie_Pecresse manual__2021-12-17T20:46:22.705990+00:00 [running]> on host sofienkhanfir-VirtualBox
[2021-12-17 21:48:35,668] {taskinstance.py:1427} INFO - Exporting the following env vars:
AIRFLOW_CTX_DAG_OWNER=airflow
AIRFLOW_CTX_DAG_ID=dag_of_spark_files
AIRFLOW_CTX_TASK_ID=Valerie_Pecresse
AIRFLOW_CTX_EXECUTION_DATE=2021-12-17T20:46:22.705990+00:00
AIRFLOW_CTX_DAG_RUN_ID=manual__2021-12-17T20:46:22.705990+00:00
[2021-12-17 21:49:00,605] {python.py:152} INFO - Done. Returned value was: None
[2021-12-17 21:49:00,613] {taskinstance.py:1270} INFO - Marking task as SUCCESS. dag_id=dag_of_spark_files, task_id=Valerie_Pecresse, execution_date=20211217T204622, start_date=20211217T204835, end_date=20211217T204900
[2021-12-17 21:49:00,651] {local_task_job.py:154} INFO - Task exited with return code 0
[2021-12-17 21:49:00,768] {local_task_job.py:264} INFO - 1 downstream tasks scheduled from follow-on schedule check
