[2021-12-17 15:33:44,944] {taskinstance.py:1035} INFO - Dependencies all met for <TaskInstance: my_dag.choose_best_model manual__2021-12-17T14:33:24.198229+00:00 [queued]>
[2021-12-17 15:33:44,962] {taskinstance.py:1035} INFO - Dependencies all met for <TaskInstance: my_dag.choose_best_model manual__2021-12-17T14:33:24.198229+00:00 [queued]>
[2021-12-17 15:33:44,962] {taskinstance.py:1241} INFO - 
--------------------------------------------------------------------------------
[2021-12-17 15:33:44,962] {taskinstance.py:1242} INFO - Starting attempt 1 of 1
[2021-12-17 15:33:44,962] {taskinstance.py:1243} INFO - 
--------------------------------------------------------------------------------
[2021-12-17 15:33:44,978] {taskinstance.py:1262} INFO - Executing <Task(BranchPythonOperator): choose_best_model> on 2021-12-17 14:33:24.198229+00:00
[2021-12-17 15:33:44,979] {standard_task_runner.py:52} INFO - Started process 12873 to run task
[2021-12-17 15:33:44,986] {standard_task_runner.py:76} INFO - Running: ['airflow', 'tasks', 'run', 'my_dag', 'choose_best_model', 'manual__2021-12-17T14:33:24.198229+00:00', '--job-id', '16', '--raw', '--subdir', 'DAGS_FOLDER/my_dag.py', '--cfg-path', '/tmp/tmp6ieaxlgo', '--error-file', '/tmp/tmpjaa47ge0']
[2021-12-17 15:33:44,993] {standard_task_runner.py:77} INFO - Job 16: Subtask choose_best_model
[2021-12-17 15:33:45,046] {logging_mixin.py:109} INFO - Running <TaskInstance: my_dag.choose_best_model manual__2021-12-17T14:33:24.198229+00:00 [running]> on host sofienkhanfir-VirtualBox
[2021-12-17 15:33:45,115] {taskinstance.py:1427} INFO - Exporting the following env vars:
AIRFLOW_CTX_DAG_OWNER=airflow
AIRFLOW_CTX_DAG_ID=my_dag
AIRFLOW_CTX_TASK_ID=choose_best_model
AIRFLOW_CTX_EXECUTION_DATE=2021-12-17T14:33:24.198229+00:00
AIRFLOW_CTX_DAG_RUN_ID=manual__2021-12-17T14:33:24.198229+00:00
[2021-12-17 15:33:45,117] {python.py:152} INFO - Done. Returned value was: accurate
[2021-12-17 15:33:45,117] {skipmixin.py:143} INFO - Following branch accurate
[2021-12-17 15:33:45,117] {skipmixin.py:174} INFO - Skipping tasks ['inaccurate']
[2021-12-17 15:33:45,158] {taskinstance.py:1270} INFO - Marking task as SUCCESS. dag_id=my_dag, task_id=choose_best_model, execution_date=20211217T143324, start_date=20211217T143344, end_date=20211217T143345
[2021-12-17 15:33:45,188] {local_task_job.py:154} INFO - Task exited with return code 0
[2021-12-17 15:33:45,212] {local_task_job.py:264} INFO - 1 downstream tasks scheduled from follow-on schedule check
