[2021-12-17 21:47:49,049] {taskinstance.py:1035} INFO - Dependencies all met for <TaskInstance: dag_of_spark_files.Yannick_Jadot manual__2021-12-17T20:46:22.705990+00:00 [queued]>
[2021-12-17 21:47:49,053] {taskinstance.py:1035} INFO - Dependencies all met for <TaskInstance: dag_of_spark_files.Yannick_Jadot manual__2021-12-17T20:46:22.705990+00:00 [queued]>
[2021-12-17 21:47:49,053] {taskinstance.py:1241} INFO - 
--------------------------------------------------------------------------------
[2021-12-17 21:47:49,053] {taskinstance.py:1242} INFO - Starting attempt 1 of 1
[2021-12-17 21:47:49,053] {taskinstance.py:1243} INFO - 
--------------------------------------------------------------------------------
[2021-12-17 21:47:49,062] {taskinstance.py:1262} INFO - Executing <Task(PythonOperator): Yannick_Jadot> on 2021-12-17 20:46:22.705990+00:00
[2021-12-17 21:47:49,069] {standard_task_runner.py:52} INFO - Started process 52079 to run task
[2021-12-17 21:47:49,072] {standard_task_runner.py:76} INFO - Running: ['airflow', 'tasks', 'run', 'dag_of_spark_files', 'Yannick_Jadot', 'manual__2021-12-17T20:46:22.705990+00:00', '--job-id', '40', '--raw', '--subdir', 'DAGS_FOLDER/my_dag.py', '--cfg-path', '/tmp/tmpinhn1nw4', '--error-file', '/tmp/tmpv6900nmv']
[2021-12-17 21:47:49,072] {standard_task_runner.py:77} INFO - Job 40: Subtask Yannick_Jadot
[2021-12-17 21:47:49,090] {logging_mixin.py:109} INFO - Running <TaskInstance: dag_of_spark_files.Yannick_Jadot manual__2021-12-17T20:46:22.705990+00:00 [running]> on host sofienkhanfir-VirtualBox
[2021-12-17 21:47:49,109] {taskinstance.py:1427} INFO - Exporting the following env vars:
AIRFLOW_CTX_DAG_OWNER=airflow
AIRFLOW_CTX_DAG_ID=dag_of_spark_files
AIRFLOW_CTX_TASK_ID=Yannick_Jadot
AIRFLOW_CTX_EXECUTION_DATE=2021-12-17T20:46:22.705990+00:00
AIRFLOW_CTX_DAG_RUN_ID=manual__2021-12-17T20:46:22.705990+00:00
[2021-12-17 21:48:07,942] {python.py:152} INFO - Done. Returned value was: None
[2021-12-17 21:48:07,952] {taskinstance.py:1270} INFO - Marking task as SUCCESS. dag_id=dag_of_spark_files, task_id=Yannick_Jadot, execution_date=20211217T204622, start_date=20211217T204749, end_date=20211217T204807
[2021-12-17 21:48:07,993] {local_task_job.py:154} INFO - Task exited with return code 0
[2021-12-17 21:48:08,047] {local_task_job.py:264} INFO - 1 downstream tasks scheduled from follow-on schedule check
