[2021-12-17 21:51:24,423] {taskinstance.py:1035} INFO - Dependencies all met for <TaskInstance: dag_of_spark_files.Jean_Lasalle manual__2021-12-17T20:46:22.705990+00:00 [queued]>
[2021-12-17 21:51:24,433] {taskinstance.py:1035} INFO - Dependencies all met for <TaskInstance: dag_of_spark_files.Jean_Lasalle manual__2021-12-17T20:46:22.705990+00:00 [queued]>
[2021-12-17 21:51:24,433] {taskinstance.py:1241} INFO - 
--------------------------------------------------------------------------------
[2021-12-17 21:51:24,433] {taskinstance.py:1242} INFO - Starting attempt 1 of 1
[2021-12-17 21:51:24,433] {taskinstance.py:1243} INFO - 
--------------------------------------------------------------------------------
[2021-12-17 21:51:24,459] {taskinstance.py:1262} INFO - Executing <Task(PythonOperator): Jean_Lasalle> on 2021-12-17 20:46:22.705990+00:00
[2021-12-17 21:51:24,460] {standard_task_runner.py:52} INFO - Started process 53784 to run task
[2021-12-17 21:51:24,465] {standard_task_runner.py:76} INFO - Running: ['airflow', 'tasks', 'run', 'dag_of_spark_files', 'Jean_Lasalle', 'manual__2021-12-17T20:46:22.705990+00:00', '--job-id', '51', '--raw', '--subdir', 'DAGS_FOLDER/my_dag.py', '--cfg-path', '/tmp/tmp0jz3pu4g', '--error-file', '/tmp/tmp24_4au9o']
[2021-12-17 21:51:24,465] {standard_task_runner.py:77} INFO - Job 51: Subtask Jean_Lasalle
[2021-12-17 21:51:24,485] {logging_mixin.py:109} INFO - Running <TaskInstance: dag_of_spark_files.Jean_Lasalle manual__2021-12-17T20:46:22.705990+00:00 [running]> on host sofienkhanfir-VirtualBox
[2021-12-17 21:51:24,518] {taskinstance.py:1427} INFO - Exporting the following env vars:
AIRFLOW_CTX_DAG_OWNER=airflow
AIRFLOW_CTX_DAG_ID=dag_of_spark_files
AIRFLOW_CTX_TASK_ID=Jean_Lasalle
AIRFLOW_CTX_EXECUTION_DATE=2021-12-17T20:46:22.705990+00:00
AIRFLOW_CTX_DAG_RUN_ID=manual__2021-12-17T20:46:22.705990+00:00
[2021-12-17 21:51:41,382] {python.py:152} INFO - Done. Returned value was: None
[2021-12-17 21:51:41,386] {taskinstance.py:1270} INFO - Marking task as SUCCESS. dag_id=dag_of_spark_files, task_id=Jean_Lasalle, execution_date=20211217T204622, start_date=20211217T205124, end_date=20211217T205141
[2021-12-17 21:51:41,434] {local_task_job.py:154} INFO - Task exited with return code 0
[2021-12-17 21:51:41,479] {local_task_job.py:264} INFO - 1 downstream tasks scheduled from follow-on schedule check
