[2021-12-17 21:49:29,014] {taskinstance.py:1035} INFO - Dependencies all met for <TaskInstance: dag_of_spark_files.Jeanluc_melenchon manual__2021-12-17T20:46:22.705990+00:00 [queued]>
[2021-12-17 21:49:29,017] {taskinstance.py:1035} INFO - Dependencies all met for <TaskInstance: dag_of_spark_files.Jeanluc_melenchon manual__2021-12-17T20:46:22.705990+00:00 [queued]>
[2021-12-17 21:49:29,017] {taskinstance.py:1241} INFO - 
--------------------------------------------------------------------------------
[2021-12-17 21:49:29,017] {taskinstance.py:1242} INFO - Starting attempt 1 of 1
[2021-12-17 21:49:29,017] {taskinstance.py:1243} INFO - 
--------------------------------------------------------------------------------
[2021-12-17 21:49:29,025] {taskinstance.py:1262} INFO - Executing <Task(PythonOperator): Jeanluc_melenchon> on 2021-12-17 20:46:22.705990+00:00
[2021-12-17 21:49:29,027] {standard_task_runner.py:52} INFO - Started process 52942 to run task
[2021-12-17 21:49:29,030] {standard_task_runner.py:76} INFO - Running: ['airflow', 'tasks', 'run', 'dag_of_spark_files', 'Jeanluc_melenchon', 'manual__2021-12-17T20:46:22.705990+00:00', '--job-id', '44', '--raw', '--subdir', 'DAGS_FOLDER/my_dag.py', '--cfg-path', '/tmp/tmp12xk0w1a', '--error-file', '/tmp/tmpe2r0tgu0']
[2021-12-17 21:49:29,030] {standard_task_runner.py:77} INFO - Job 44: Subtask Jeanluc_melenchon
[2021-12-17 21:49:29,047] {logging_mixin.py:109} INFO - Running <TaskInstance: dag_of_spark_files.Jeanluc_melenchon manual__2021-12-17T20:46:22.705990+00:00 [running]> on host sofienkhanfir-VirtualBox
[2021-12-17 21:49:29,065] {taskinstance.py:1427} INFO - Exporting the following env vars:
AIRFLOW_CTX_DAG_OWNER=airflow
AIRFLOW_CTX_DAG_ID=dag_of_spark_files
AIRFLOW_CTX_TASK_ID=Jeanluc_melenchon
AIRFLOW_CTX_EXECUTION_DATE=2021-12-17T20:46:22.705990+00:00
AIRFLOW_CTX_DAG_RUN_ID=manual__2021-12-17T20:46:22.705990+00:00
[2021-12-17 21:49:50,962] {python.py:152} INFO - Done. Returned value was: None
[2021-12-17 21:49:50,968] {taskinstance.py:1270} INFO - Marking task as SUCCESS. dag_id=dag_of_spark_files, task_id=Jeanluc_melenchon, execution_date=20211217T204622, start_date=20211217T204929, end_date=20211217T204950
[2021-12-17 21:49:51,028] {local_task_job.py:154} INFO - Task exited with return code 0
[2021-12-17 21:49:51,160] {local_task_job.py:264} INFO - 1 downstream tasks scheduled from follow-on schedule check
