[2021-12-17 21:29:27,992] {processor.py:163} INFO - Started process (PID=47648) to work on /home/sofienkhanfir/Bureau/Projet/Airflow/dags/main_dag.py
[2021-12-17 21:29:28,005] {processor.py:620} INFO - Processing file /home/sofienkhanfir/Bureau/Projet/Airflow/dags/main_dag.py for tasks to queue
[2021-12-17 21:29:28,005] {logging_mixin.py:109} INFO - [2021-12-17 21:29:28,005] {dagbag.py:500} INFO - Filling up the DagBag from /home/sofienkhanfir/Bureau/Projet/Airflow/dags/main_dag.py
[2021-12-17 21:29:28,660] {logging_mixin.py:109} INFO - [2021-12-17 21:29:28,659] {dagbag.py:334} ERROR - Failed to import: /home/sofienkhanfir/Bureau/Projet/Airflow/dags/main_dag.py
Traceback (most recent call last):
  File "/home/sofienkhanfir/.local/lib/python3.8/site-packages/airflow/models/dagbag.py", line 331, in _load_modules_from_file
    loader.exec_module(new_module)
  File "<frozen importlib._bootstrap_external>", line 848, in exec_module
  File "<frozen importlib._bootstrap>", line 219, in _call_with_frames_removed
  File "/home/sofienkhanfir/Bureau/Projet/Airflow/dags/main_dag.py", line 14, in <module>
    Le_pen = PythonOperator(
  File "/home/sofienkhanfir/.local/lib/python3.8/site-packages/airflow/models/baseoperator.py", line 188, in apply_defaults
    result = func(self, *args, **kwargs)
  File "/home/sofienkhanfir/.local/lib/python3.8/site-packages/airflow/operators/python.py", line 135, in __init__
    super().__init__(**kwargs)
  File "/home/sofienkhanfir/.local/lib/python3.8/site-packages/airflow/models/baseoperator.py", line 188, in apply_defaults
    result = func(self, *args, **kwargs)
  File "/home/sofienkhanfir/.local/lib/python3.8/site-packages/airflow/models/baseoperator.py", line 547, in __init__
    validate_key(task_id)
  File "/home/sofienkhanfir/.local/lib/python3.8/site-packages/airflow/utils/helpers.py", line 52, in validate_key
    raise AirflowException(
airflow.exceptions.AirflowException: The key (Marie le pen) has to be made of alphanumeric characters, dashes, dots and underscores exclusively
[2021-12-17 21:29:28,674] {processor.py:634} WARNING - No viable dags retrieved from /home/sofienkhanfir/Bureau/Projet/Airflow/dags/main_dag.py
[2021-12-17 21:29:28,693] {processor.py:171} INFO - Processing /home/sofienkhanfir/Bureau/Projet/Airflow/dags/main_dag.py took 0.702 seconds
[2021-12-17 21:34:17,493] {processor.py:163} INFO - Started process (PID=47951) to work on /home/sofienkhanfir/Bureau/Projet/Airflow/dags/main_dag.py
[2021-12-17 21:34:17,509] {processor.py:620} INFO - Processing file /home/sofienkhanfir/Bureau/Projet/Airflow/dags/main_dag.py for tasks to queue
[2021-12-17 21:34:17,509] {logging_mixin.py:109} INFO - [2021-12-17 21:34:17,509] {dagbag.py:500} INFO - Filling up the DagBag from /home/sofienkhanfir/Bureau/Projet/Airflow/dags/main_dag.py
[2021-12-17 21:34:18,081] {logging_mixin.py:109} INFO - [2021-12-17 21:34:18,080] {dagbag.py:334} ERROR - Failed to import: /home/sofienkhanfir/Bureau/Projet/Airflow/dags/main_dag.py
Traceback (most recent call last):
  File "/home/sofienkhanfir/.local/lib/python3.8/site-packages/airflow/models/dagbag.py", line 331, in _load_modules_from_file
    loader.exec_module(new_module)
  File "<frozen importlib._bootstrap_external>", line 848, in exec_module
  File "<frozen importlib._bootstrap>", line 219, in _call_with_frames_removed
  File "/home/sofienkhanfir/Bureau/Projet/Airflow/dags/main_dag.py", line 14, in <module>
    Le_pen = PythonOperator(
  File "/home/sofienkhanfir/.local/lib/python3.8/site-packages/airflow/models/baseoperator.py", line 188, in apply_defaults
    result = func(self, *args, **kwargs)
  File "/home/sofienkhanfir/.local/lib/python3.8/site-packages/airflow/operators/python.py", line 135, in __init__
    super().__init__(**kwargs)
  File "/home/sofienkhanfir/.local/lib/python3.8/site-packages/airflow/models/baseoperator.py", line 188, in apply_defaults
    result = func(self, *args, **kwargs)
  File "/home/sofienkhanfir/.local/lib/python3.8/site-packages/airflow/models/baseoperator.py", line 547, in __init__
    validate_key(task_id)
  File "/home/sofienkhanfir/.local/lib/python3.8/site-packages/airflow/utils/helpers.py", line 52, in validate_key
    raise AirflowException(
airflow.exceptions.AirflowException: The key (Marie le pen) has to be made of alphanumeric characters, dashes, dots and underscores exclusively
[2021-12-17 21:34:18,089] {processor.py:634} WARNING - No viable dags retrieved from /home/sofienkhanfir/Bureau/Projet/Airflow/dags/main_dag.py
[2021-12-17 21:34:18,100] {processor.py:171} INFO - Processing /home/sofienkhanfir/Bureau/Projet/Airflow/dags/main_dag.py took 0.608 seconds
[2021-12-17 21:34:47,413] {processor.py:163} INFO - Started process (PID=48070) to work on /home/sofienkhanfir/Bureau/Projet/Airflow/dags/main_dag.py
[2021-12-17 21:34:47,414] {processor.py:620} INFO - Processing file /home/sofienkhanfir/Bureau/Projet/Airflow/dags/main_dag.py for tasks to queue
[2021-12-17 21:34:47,415] {logging_mixin.py:109} INFO - [2021-12-17 21:34:47,414] {dagbag.py:500} INFO - Filling up the DagBag from /home/sofienkhanfir/Bureau/Projet/Airflow/dags/main_dag.py
[2021-12-17 21:34:47,915] {logging_mixin.py:109} INFO - [2021-12-17 21:34:47,909] {dagbag.py:334} ERROR - Failed to import: /home/sofienkhanfir/Bureau/Projet/Airflow/dags/main_dag.py
Traceback (most recent call last):
  File "/home/sofienkhanfir/.local/lib/python3.8/site-packages/airflow/models/dagbag.py", line 331, in _load_modules_from_file
    loader.exec_module(new_module)
  File "<frozen importlib._bootstrap_external>", line 848, in exec_module
  File "<frozen importlib._bootstrap>", line 219, in _call_with_frames_removed
  File "/home/sofienkhanfir/Bureau/Projet/Airflow/dags/main_dag.py", line 14, in <module>
    Le_pen = PythonOperator(
  File "/home/sofienkhanfir/.local/lib/python3.8/site-packages/airflow/models/baseoperator.py", line 188, in apply_defaults
    result = func(self, *args, **kwargs)
  File "/home/sofienkhanfir/.local/lib/python3.8/site-packages/airflow/operators/python.py", line 135, in __init__
    super().__init__(**kwargs)
  File "/home/sofienkhanfir/.local/lib/python3.8/site-packages/airflow/models/baseoperator.py", line 188, in apply_defaults
    result = func(self, *args, **kwargs)
  File "/home/sofienkhanfir/.local/lib/python3.8/site-packages/airflow/models/baseoperator.py", line 547, in __init__
    validate_key(task_id)
  File "/home/sofienkhanfir/.local/lib/python3.8/site-packages/airflow/utils/helpers.py", line 52, in validate_key
    raise AirflowException(
airflow.exceptions.AirflowException: The key (Marie le pen) has to be made of alphanumeric characters, dashes, dots and underscores exclusively
[2021-12-17 21:34:47,923] {processor.py:634} WARNING - No viable dags retrieved from /home/sofienkhanfir/Bureau/Projet/Airflow/dags/main_dag.py
[2021-12-17 21:34:47,931] {processor.py:171} INFO - Processing /home/sofienkhanfir/Bureau/Projet/Airflow/dags/main_dag.py took 0.520 seconds
[2021-12-17 21:36:16,309] {processor.py:163} INFO - Started process (PID=48206) to work on /home/sofienkhanfir/Bureau/Projet/Airflow/dags/main_dag.py
[2021-12-17 21:36:16,318] {processor.py:620} INFO - Processing file /home/sofienkhanfir/Bureau/Projet/Airflow/dags/main_dag.py for tasks to queue
[2021-12-17 21:36:16,318] {logging_mixin.py:109} INFO - [2021-12-17 21:36:16,318] {dagbag.py:500} INFO - Filling up the DagBag from /home/sofienkhanfir/Bureau/Projet/Airflow/dags/main_dag.py
[2021-12-17 21:36:16,807] {processor.py:632} INFO - DAG(s) dict_keys(['main_dag']) retrieved from /home/sofienkhanfir/Bureau/Projet/Airflow/dags/main_dag.py
[2021-12-17 21:36:16,813] {logging_mixin.py:109} INFO - [2021-12-17 21:36:16,813] {dag.py:2389} INFO - Sync 1 DAGs
[2021-12-17 21:36:16,828] {logging_mixin.py:109} INFO - [2021-12-17 21:36:16,828] {dag.py:2921} INFO - Setting next_dagrun for main_dag to 2021-12-16 00:00:00+00:00
[2021-12-17 21:36:16,852] {processor.py:171} INFO - Processing /home/sofienkhanfir/Bureau/Projet/Airflow/dags/main_dag.py took 0.544 seconds
[2021-12-17 21:36:55,736] {processor.py:163} INFO - Started process (PID=48417) to work on /home/sofienkhanfir/Bureau/Projet/Airflow/dags/main_dag.py
[2021-12-17 21:36:55,738] {processor.py:620} INFO - Processing file /home/sofienkhanfir/Bureau/Projet/Airflow/dags/main_dag.py for tasks to queue
[2021-12-17 21:36:55,738] {logging_mixin.py:109} INFO - [2021-12-17 21:36:55,738] {dagbag.py:500} INFO - Filling up the DagBag from /home/sofienkhanfir/Bureau/Projet/Airflow/dags/main_dag.py
[2021-12-17 21:36:55,943] {processor.py:632} INFO - DAG(s) dict_keys(['main_dag']) retrieved from /home/sofienkhanfir/Bureau/Projet/Airflow/dags/main_dag.py
[2021-12-17 21:36:55,947] {logging_mixin.py:109} INFO - [2021-12-17 21:36:55,947] {dag.py:2389} INFO - Sync 1 DAGs
[2021-12-17 21:36:55,953] {logging_mixin.py:109} INFO - [2021-12-17 21:36:55,953] {dag.py:2921} INFO - Setting next_dagrun for main_dag to 2021-12-16 00:00:00+00:00
[2021-12-17 21:36:55,961] {processor.py:171} INFO - Processing /home/sofienkhanfir/Bureau/Projet/Airflow/dags/main_dag.py took 0.226 seconds
[2021-12-17 21:37:02,765] {processor.py:163} INFO - Started process (PID=48455) to work on /home/sofienkhanfir/Bureau/Projet/Airflow/dags/main_dag.py
[2021-12-17 21:37:02,766] {processor.py:620} INFO - Processing file /home/sofienkhanfir/Bureau/Projet/Airflow/dags/main_dag.py for tasks to queue
[2021-12-17 21:37:02,767] {logging_mixin.py:109} INFO - [2021-12-17 21:37:02,767] {dagbag.py:500} INFO - Filling up the DagBag from /home/sofienkhanfir/Bureau/Projet/Airflow/dags/main_dag.py
[2021-12-17 21:37:02,999] {processor.py:632} INFO - DAG(s) dict_keys(['main_dag']) retrieved from /home/sofienkhanfir/Bureau/Projet/Airflow/dags/main_dag.py
[2021-12-17 21:37:03,004] {logging_mixin.py:109} INFO - [2021-12-17 21:37:03,004] {dag.py:2389} INFO - Sync 1 DAGs
[2021-12-17 21:37:03,011] {logging_mixin.py:109} INFO - [2021-12-17 21:37:03,011] {dag.py:2921} INFO - Setting next_dagrun for main_dag to 2021-12-16 00:00:00+00:00
[2021-12-17 21:37:03,018] {processor.py:171} INFO - Processing /home/sofienkhanfir/Bureau/Projet/Airflow/dags/main_dag.py took 0.254 seconds
[2021-12-17 21:37:11,603] {processor.py:163} INFO - Started process (PID=48494) to work on /home/sofienkhanfir/Bureau/Projet/Airflow/dags/main_dag.py
[2021-12-17 21:37:11,604] {processor.py:620} INFO - Processing file /home/sofienkhanfir/Bureau/Projet/Airflow/dags/main_dag.py for tasks to queue
[2021-12-17 21:37:11,604] {logging_mixin.py:109} INFO - [2021-12-17 21:37:11,604] {dagbag.py:500} INFO - Filling up the DagBag from /home/sofienkhanfir/Bureau/Projet/Airflow/dags/main_dag.py
[2021-12-17 21:37:11,985] {processor.py:632} INFO - DAG(s) dict_keys(['main_dag']) retrieved from /home/sofienkhanfir/Bureau/Projet/Airflow/dags/main_dag.py
[2021-12-17 21:37:11,989] {logging_mixin.py:109} INFO - [2021-12-17 21:37:11,988] {dag.py:2389} INFO - Sync 1 DAGs
[2021-12-17 21:37:11,995] {logging_mixin.py:109} INFO - [2021-12-17 21:37:11,995] {dag.py:2921} INFO - Setting next_dagrun for main_dag to 2021-12-16 00:00:00+00:00
[2021-12-17 21:37:12,003] {processor.py:171} INFO - Processing /home/sofienkhanfir/Bureau/Projet/Airflow/dags/main_dag.py took 0.401 seconds
[2021-12-17 21:37:22,811] {processor.py:163} INFO - Started process (PID=48551) to work on /home/sofienkhanfir/Bureau/Projet/Airflow/dags/main_dag.py
[2021-12-17 21:37:22,811] {processor.py:620} INFO - Processing file /home/sofienkhanfir/Bureau/Projet/Airflow/dags/main_dag.py for tasks to queue
[2021-12-17 21:37:22,812] {logging_mixin.py:109} INFO - [2021-12-17 21:37:22,812] {dagbag.py:500} INFO - Filling up the DagBag from /home/sofienkhanfir/Bureau/Projet/Airflow/dags/main_dag.py
[2021-12-17 21:37:23,010] {processor.py:632} INFO - DAG(s) dict_keys(['main_dag']) retrieved from /home/sofienkhanfir/Bureau/Projet/Airflow/dags/main_dag.py
[2021-12-17 21:37:23,014] {logging_mixin.py:109} INFO - [2021-12-17 21:37:23,014] {dag.py:2389} INFO - Sync 1 DAGs
[2021-12-17 21:37:23,021] {logging_mixin.py:109} INFO - [2021-12-17 21:37:23,021] {dag.py:2921} INFO - Setting next_dagrun for main_dag to 2021-12-16 00:00:00+00:00
[2021-12-17 21:37:23,028] {processor.py:171} INFO - Processing /home/sofienkhanfir/Bureau/Projet/Airflow/dags/main_dag.py took 0.219 seconds
[2021-12-17 21:37:36,288] {processor.py:163} INFO - Started process (PID=48620) to work on /home/sofienkhanfir/Bureau/Projet/Airflow/dags/main_dag.py
[2021-12-17 21:37:36,290] {processor.py:620} INFO - Processing file /home/sofienkhanfir/Bureau/Projet/Airflow/dags/main_dag.py for tasks to queue
[2021-12-17 21:37:36,290] {logging_mixin.py:109} INFO - [2021-12-17 21:37:36,290] {dagbag.py:500} INFO - Filling up the DagBag from /home/sofienkhanfir/Bureau/Projet/Airflow/dags/main_dag.py
[2021-12-17 21:37:36,492] {processor.py:632} INFO - DAG(s) dict_keys(['main_dag']) retrieved from /home/sofienkhanfir/Bureau/Projet/Airflow/dags/main_dag.py
[2021-12-17 21:37:36,501] {logging_mixin.py:109} INFO - [2021-12-17 21:37:36,500] {dag.py:2389} INFO - Sync 1 DAGs
[2021-12-17 21:37:36,519] {logging_mixin.py:109} INFO - [2021-12-17 21:37:36,519] {dag.py:2921} INFO - Setting next_dagrun for main_dag to 2021-12-16 00:00:00+00:00
[2021-12-17 21:37:36,530] {processor.py:171} INFO - Processing /home/sofienkhanfir/Bureau/Projet/Airflow/dags/main_dag.py took 0.243 seconds
[2021-12-17 21:37:47,017] {processor.py:163} INFO - Started process (PID=48677) to work on /home/sofienkhanfir/Bureau/Projet/Airflow/dags/main_dag.py
[2021-12-17 21:37:47,018] {processor.py:620} INFO - Processing file /home/sofienkhanfir/Bureau/Projet/Airflow/dags/main_dag.py for tasks to queue
[2021-12-17 21:37:47,018] {logging_mixin.py:109} INFO - [2021-12-17 21:37:47,018] {dagbag.py:500} INFO - Filling up the DagBag from /home/sofienkhanfir/Bureau/Projet/Airflow/dags/main_dag.py
[2021-12-17 21:37:47,211] {processor.py:632} INFO - DAG(s) dict_keys(['main_dag']) retrieved from /home/sofienkhanfir/Bureau/Projet/Airflow/dags/main_dag.py
[2021-12-17 21:37:47,216] {logging_mixin.py:109} INFO - [2021-12-17 21:37:47,215] {dag.py:2389} INFO - Sync 1 DAGs
[2021-12-17 21:37:47,222] {logging_mixin.py:109} INFO - [2021-12-17 21:37:47,222] {dag.py:2921} INFO - Setting next_dagrun for main_dag to 2021-12-16 00:00:00+00:00
[2021-12-17 21:37:47,230] {processor.py:171} INFO - Processing /home/sofienkhanfir/Bureau/Projet/Airflow/dags/main_dag.py took 0.214 seconds
[2021-12-17 21:37:59,435] {processor.py:163} INFO - Started process (PID=48739) to work on /home/sofienkhanfir/Bureau/Projet/Airflow/dags/main_dag.py
[2021-12-17 21:37:59,436] {processor.py:620} INFO - Processing file /home/sofienkhanfir/Bureau/Projet/Airflow/dags/main_dag.py for tasks to queue
[2021-12-17 21:37:59,437] {logging_mixin.py:109} INFO - [2021-12-17 21:37:59,436] {dagbag.py:500} INFO - Filling up the DagBag from /home/sofienkhanfir/Bureau/Projet/Airflow/dags/main_dag.py
[2021-12-17 21:37:59,683] {processor.py:632} INFO - DAG(s) dict_keys(['main_dag']) retrieved from /home/sofienkhanfir/Bureau/Projet/Airflow/dags/main_dag.py
[2021-12-17 21:37:59,688] {logging_mixin.py:109} INFO - [2021-12-17 21:37:59,687] {dag.py:2389} INFO - Sync 1 DAGs
[2021-12-17 21:37:59,695] {logging_mixin.py:109} INFO - [2021-12-17 21:37:59,695] {dag.py:2921} INFO - Setting next_dagrun for main_dag to 2021-12-16 00:00:00+00:00
[2021-12-17 21:37:59,703] {processor.py:171} INFO - Processing /home/sofienkhanfir/Bureau/Projet/Airflow/dags/main_dag.py took 0.269 seconds
[2021-12-17 21:38:11,762] {processor.py:163} INFO - Started process (PID=48801) to work on /home/sofienkhanfir/Bureau/Projet/Airflow/dags/main_dag.py
[2021-12-17 21:38:11,762] {processor.py:620} INFO - Processing file /home/sofienkhanfir/Bureau/Projet/Airflow/dags/main_dag.py for tasks to queue
[2021-12-17 21:38:11,763] {logging_mixin.py:109} INFO - [2021-12-17 21:38:11,763] {dagbag.py:500} INFO - Filling up the DagBag from /home/sofienkhanfir/Bureau/Projet/Airflow/dags/main_dag.py
[2021-12-17 21:38:11,966] {processor.py:632} INFO - DAG(s) dict_keys(['main_dag']) retrieved from /home/sofienkhanfir/Bureau/Projet/Airflow/dags/main_dag.py
[2021-12-17 21:38:11,970] {logging_mixin.py:109} INFO - [2021-12-17 21:38:11,970] {dag.py:2389} INFO - Sync 1 DAGs
[2021-12-17 21:38:11,977] {logging_mixin.py:109} INFO - [2021-12-17 21:38:11,977] {dag.py:2921} INFO - Setting next_dagrun for main_dag to 2021-12-16 00:00:00+00:00
[2021-12-17 21:38:11,984] {processor.py:171} INFO - Processing /home/sofienkhanfir/Bureau/Projet/Airflow/dags/main_dag.py took 0.228 seconds
[2021-12-17 21:38:23,172] {processor.py:163} INFO - Started process (PID=48863) to work on /home/sofienkhanfir/Bureau/Projet/Airflow/dags/main_dag.py
[2021-12-17 21:38:23,172] {processor.py:620} INFO - Processing file /home/sofienkhanfir/Bureau/Projet/Airflow/dags/main_dag.py for tasks to queue
[2021-12-17 21:38:23,172] {logging_mixin.py:109} INFO - [2021-12-17 21:38:23,172] {dagbag.py:500} INFO - Filling up the DagBag from /home/sofienkhanfir/Bureau/Projet/Airflow/dags/main_dag.py
[2021-12-17 21:38:23,404] {processor.py:632} INFO - DAG(s) dict_keys(['main_dag']) retrieved from /home/sofienkhanfir/Bureau/Projet/Airflow/dags/main_dag.py
[2021-12-17 21:38:23,409] {logging_mixin.py:109} INFO - [2021-12-17 21:38:23,408] {dag.py:2389} INFO - Sync 1 DAGs
[2021-12-17 21:38:23,416] {logging_mixin.py:109} INFO - [2021-12-17 21:38:23,416] {dag.py:2921} INFO - Setting next_dagrun for main_dag to 2021-12-16 00:00:00+00:00
[2021-12-17 21:38:23,429] {processor.py:171} INFO - Processing /home/sofienkhanfir/Bureau/Projet/Airflow/dags/main_dag.py took 0.259 seconds
[2021-12-17 21:38:32,679] {processor.py:163} INFO - Started process (PID=48910) to work on /home/sofienkhanfir/Bureau/Projet/Airflow/dags/main_dag.py
[2021-12-17 21:38:32,679] {processor.py:620} INFO - Processing file /home/sofienkhanfir/Bureau/Projet/Airflow/dags/main_dag.py for tasks to queue
[2021-12-17 21:38:32,679] {logging_mixin.py:109} INFO - [2021-12-17 21:38:32,679] {dagbag.py:500} INFO - Filling up the DagBag from /home/sofienkhanfir/Bureau/Projet/Airflow/dags/main_dag.py
[2021-12-17 21:38:32,884] {processor.py:632} INFO - DAG(s) dict_keys(['main_dag']) retrieved from /home/sofienkhanfir/Bureau/Projet/Airflow/dags/main_dag.py
[2021-12-17 21:38:32,888] {logging_mixin.py:109} INFO - [2021-12-17 21:38:32,888] {dag.py:2389} INFO - Sync 1 DAGs
[2021-12-17 21:38:32,894] {logging_mixin.py:109} INFO - [2021-12-17 21:38:32,894] {dag.py:2921} INFO - Setting next_dagrun for main_dag to 2021-12-16 00:00:00+00:00
[2021-12-17 21:38:32,902] {processor.py:171} INFO - Processing /home/sofienkhanfir/Bureau/Projet/Airflow/dags/main_dag.py took 0.225 seconds
[2021-12-17 21:38:43,840] {processor.py:163} INFO - Started process (PID=48959) to work on /home/sofienkhanfir/Bureau/Projet/Airflow/dags/main_dag.py
[2021-12-17 21:38:43,845] {processor.py:620} INFO - Processing file /home/sofienkhanfir/Bureau/Projet/Airflow/dags/main_dag.py for tasks to queue
[2021-12-17 21:38:43,846] {logging_mixin.py:109} INFO - [2021-12-17 21:38:43,846] {dagbag.py:500} INFO - Filling up the DagBag from /home/sofienkhanfir/Bureau/Projet/Airflow/dags/main_dag.py
[2021-12-17 21:38:44,174] {processor.py:632} INFO - DAG(s) dict_keys(['main_dag']) retrieved from /home/sofienkhanfir/Bureau/Projet/Airflow/dags/main_dag.py
[2021-12-17 21:38:44,179] {logging_mixin.py:109} INFO - [2021-12-17 21:38:44,179] {dag.py:2389} INFO - Sync 1 DAGs
[2021-12-17 21:38:44,186] {logging_mixin.py:109} INFO - [2021-12-17 21:38:44,186] {dag.py:2921} INFO - Setting next_dagrun for main_dag to 2021-12-16 00:00:00+00:00
[2021-12-17 21:38:44,193] {processor.py:171} INFO - Processing /home/sofienkhanfir/Bureau/Projet/Airflow/dags/main_dag.py took 0.354 seconds
[2021-12-17 21:38:53,088] {processor.py:163} INFO - Started process (PID=49006) to work on /home/sofienkhanfir/Bureau/Projet/Airflow/dags/main_dag.py
[2021-12-17 21:38:53,088] {processor.py:620} INFO - Processing file /home/sofienkhanfir/Bureau/Projet/Airflow/dags/main_dag.py for tasks to queue
[2021-12-17 21:38:53,089] {logging_mixin.py:109} INFO - [2021-12-17 21:38:53,089] {dagbag.py:500} INFO - Filling up the DagBag from /home/sofienkhanfir/Bureau/Projet/Airflow/dags/main_dag.py
[2021-12-17 21:38:53,359] {processor.py:632} INFO - DAG(s) dict_keys(['main_dag']) retrieved from /home/sofienkhanfir/Bureau/Projet/Airflow/dags/main_dag.py
[2021-12-17 21:38:53,364] {logging_mixin.py:109} INFO - [2021-12-17 21:38:53,364] {dag.py:2389} INFO - Sync 1 DAGs
[2021-12-17 21:38:53,370] {logging_mixin.py:109} INFO - [2021-12-17 21:38:53,370] {dag.py:2921} INFO - Setting next_dagrun for main_dag to 2021-12-16 00:00:00+00:00
[2021-12-17 21:38:53,378] {processor.py:171} INFO - Processing /home/sofienkhanfir/Bureau/Projet/Airflow/dags/main_dag.py took 0.291 seconds
[2021-12-17 21:39:05,425] {processor.py:163} INFO - Started process (PID=49066) to work on /home/sofienkhanfir/Bureau/Projet/Airflow/dags/main_dag.py
[2021-12-17 21:39:05,426] {processor.py:620} INFO - Processing file /home/sofienkhanfir/Bureau/Projet/Airflow/dags/main_dag.py for tasks to queue
[2021-12-17 21:39:05,426] {logging_mixin.py:109} INFO - [2021-12-17 21:39:05,426] {dagbag.py:500} INFO - Filling up the DagBag from /home/sofienkhanfir/Bureau/Projet/Airflow/dags/main_dag.py
[2021-12-17 21:39:05,803] {processor.py:632} INFO - DAG(s) dict_keys(['main_dag']) retrieved from /home/sofienkhanfir/Bureau/Projet/Airflow/dags/main_dag.py
[2021-12-17 21:39:05,807] {logging_mixin.py:109} INFO - [2021-12-17 21:39:05,807] {dag.py:2389} INFO - Sync 1 DAGs
[2021-12-17 21:39:05,814] {logging_mixin.py:109} INFO - [2021-12-17 21:39:05,814] {dag.py:2921} INFO - Setting next_dagrun for main_dag to 2021-12-16 00:00:00+00:00
[2021-12-17 21:39:05,822] {processor.py:171} INFO - Processing /home/sofienkhanfir/Bureau/Projet/Airflow/dags/main_dag.py took 0.399 seconds
[2021-12-17 21:39:15,932] {processor.py:163} INFO - Started process (PID=49119) to work on /home/sofienkhanfir/Bureau/Projet/Airflow/dags/main_dag.py
[2021-12-17 21:39:15,933] {processor.py:620} INFO - Processing file /home/sofienkhanfir/Bureau/Projet/Airflow/dags/main_dag.py for tasks to queue
[2021-12-17 21:39:15,933] {logging_mixin.py:109} INFO - [2021-12-17 21:39:15,933] {dagbag.py:500} INFO - Filling up the DagBag from /home/sofienkhanfir/Bureau/Projet/Airflow/dags/main_dag.py
[2021-12-17 21:39:16,123] {processor.py:632} INFO - DAG(s) dict_keys(['main_dag']) retrieved from /home/sofienkhanfir/Bureau/Projet/Airflow/dags/main_dag.py
[2021-12-17 21:39:16,127] {logging_mixin.py:109} INFO - [2021-12-17 21:39:16,127] {dag.py:2389} INFO - Sync 1 DAGs
[2021-12-17 21:39:16,134] {logging_mixin.py:109} INFO - [2021-12-17 21:39:16,134] {dag.py:2921} INFO - Setting next_dagrun for main_dag to 2021-12-16 00:00:00+00:00
[2021-12-17 21:39:16,141] {processor.py:171} INFO - Processing /home/sofienkhanfir/Bureau/Projet/Airflow/dags/main_dag.py took 0.210 seconds
[2021-12-17 21:39:26,256] {processor.py:163} INFO - Started process (PID=49167) to work on /home/sofienkhanfir/Bureau/Projet/Airflow/dags/main_dag.py
[2021-12-17 21:39:26,261] {processor.py:620} INFO - Processing file /home/sofienkhanfir/Bureau/Projet/Airflow/dags/main_dag.py for tasks to queue
[2021-12-17 21:39:26,262] {logging_mixin.py:109} INFO - [2021-12-17 21:39:26,262] {dagbag.py:500} INFO - Filling up the DagBag from /home/sofienkhanfir/Bureau/Projet/Airflow/dags/main_dag.py
[2021-12-17 21:39:26,482] {processor.py:632} INFO - DAG(s) dict_keys(['main_dag']) retrieved from /home/sofienkhanfir/Bureau/Projet/Airflow/dags/main_dag.py
[2021-12-17 21:39:26,487] {logging_mixin.py:109} INFO - [2021-12-17 21:39:26,487] {dag.py:2389} INFO - Sync 1 DAGs
[2021-12-17 21:39:26,494] {logging_mixin.py:109} INFO - [2021-12-17 21:39:26,494] {dag.py:2921} INFO - Setting next_dagrun for main_dag to 2021-12-16 00:00:00+00:00
[2021-12-17 21:39:26,500] {processor.py:171} INFO - Processing /home/sofienkhanfir/Bureau/Projet/Airflow/dags/main_dag.py took 0.245 seconds
[2021-12-17 21:39:36,946] {processor.py:163} INFO - Started process (PID=49220) to work on /home/sofienkhanfir/Bureau/Projet/Airflow/dags/main_dag.py
[2021-12-17 21:39:36,949] {processor.py:620} INFO - Processing file /home/sofienkhanfir/Bureau/Projet/Airflow/dags/main_dag.py for tasks to queue
[2021-12-17 21:39:36,950] {logging_mixin.py:109} INFO - [2021-12-17 21:39:36,950] {dagbag.py:500} INFO - Filling up the DagBag from /home/sofienkhanfir/Bureau/Projet/Airflow/dags/main_dag.py
[2021-12-17 21:39:37,302] {processor.py:632} INFO - DAG(s) dict_keys(['main_dag']) retrieved from /home/sofienkhanfir/Bureau/Projet/Airflow/dags/main_dag.py
[2021-12-17 21:39:37,307] {logging_mixin.py:109} INFO - [2021-12-17 21:39:37,306] {dag.py:2389} INFO - Sync 1 DAGs
[2021-12-17 21:39:37,313] {logging_mixin.py:109} INFO - [2021-12-17 21:39:37,313] {dag.py:2921} INFO - Setting next_dagrun for main_dag to 2021-12-16 00:00:00+00:00
[2021-12-17 21:39:37,320] {processor.py:171} INFO - Processing /home/sofienkhanfir/Bureau/Projet/Airflow/dags/main_dag.py took 0.378 seconds
[2021-12-17 21:39:48,164] {processor.py:163} INFO - Started process (PID=49278) to work on /home/sofienkhanfir/Bureau/Projet/Airflow/dags/main_dag.py
[2021-12-17 21:39:48,165] {processor.py:620} INFO - Processing file /home/sofienkhanfir/Bureau/Projet/Airflow/dags/main_dag.py for tasks to queue
[2021-12-17 21:39:48,165] {logging_mixin.py:109} INFO - [2021-12-17 21:39:48,165] {dagbag.py:500} INFO - Filling up the DagBag from /home/sofienkhanfir/Bureau/Projet/Airflow/dags/main_dag.py
[2021-12-17 21:39:48,360] {processor.py:632} INFO - DAG(s) dict_keys(['main_dag']) retrieved from /home/sofienkhanfir/Bureau/Projet/Airflow/dags/main_dag.py
[2021-12-17 21:39:48,364] {logging_mixin.py:109} INFO - [2021-12-17 21:39:48,364] {dag.py:2389} INFO - Sync 1 DAGs
[2021-12-17 21:39:48,371] {logging_mixin.py:109} INFO - [2021-12-17 21:39:48,371] {dag.py:2921} INFO - Setting next_dagrun for main_dag to 2021-12-16 00:00:00+00:00
[2021-12-17 21:39:48,378] {processor.py:171} INFO - Processing /home/sofienkhanfir/Bureau/Projet/Airflow/dags/main_dag.py took 0.215 seconds
[2021-12-17 21:39:58,957] {processor.py:163} INFO - Started process (PID=49334) to work on /home/sofienkhanfir/Bureau/Projet/Airflow/dags/main_dag.py
[2021-12-17 21:39:58,958] {processor.py:620} INFO - Processing file /home/sofienkhanfir/Bureau/Projet/Airflow/dags/main_dag.py for tasks to queue
[2021-12-17 21:39:58,958] {logging_mixin.py:109} INFO - [2021-12-17 21:39:58,958] {dagbag.py:500} INFO - Filling up the DagBag from /home/sofienkhanfir/Bureau/Projet/Airflow/dags/main_dag.py
[2021-12-17 21:39:59,147] {processor.py:632} INFO - DAG(s) dict_keys(['main_dag']) retrieved from /home/sofienkhanfir/Bureau/Projet/Airflow/dags/main_dag.py
[2021-12-17 21:39:59,158] {logging_mixin.py:109} INFO - [2021-12-17 21:39:59,158] {dag.py:2389} INFO - Sync 1 DAGs
[2021-12-17 21:39:59,167] {logging_mixin.py:109} INFO - [2021-12-17 21:39:59,166] {dag.py:2921} INFO - Setting next_dagrun for main_dag to 2021-12-16 00:00:00+00:00
[2021-12-17 21:39:59,174] {processor.py:171} INFO - Processing /home/sofienkhanfir/Bureau/Projet/Airflow/dags/main_dag.py took 0.217 seconds
[2021-12-17 21:40:09,451] {processor.py:163} INFO - Started process (PID=49382) to work on /home/sofienkhanfir/Bureau/Projet/Airflow/dags/main_dag.py
[2021-12-17 21:40:09,452] {processor.py:620} INFO - Processing file /home/sofienkhanfir/Bureau/Projet/Airflow/dags/main_dag.py for tasks to queue
[2021-12-17 21:40:09,452] {logging_mixin.py:109} INFO - [2021-12-17 21:40:09,452] {dagbag.py:500} INFO - Filling up the DagBag from /home/sofienkhanfir/Bureau/Projet/Airflow/dags/main_dag.py
[2021-12-17 21:40:09,644] {processor.py:632} INFO - DAG(s) dict_keys(['main_dag']) retrieved from /home/sofienkhanfir/Bureau/Projet/Airflow/dags/main_dag.py
[2021-12-17 21:40:09,648] {logging_mixin.py:109} INFO - [2021-12-17 21:40:09,648] {dag.py:2389} INFO - Sync 1 DAGs
[2021-12-17 21:40:09,655] {logging_mixin.py:109} INFO - [2021-12-17 21:40:09,655] {dag.py:2921} INFO - Setting next_dagrun for main_dag to 2021-12-16 00:00:00+00:00
[2021-12-17 21:40:09,663] {processor.py:171} INFO - Processing /home/sofienkhanfir/Bureau/Projet/Airflow/dags/main_dag.py took 0.213 seconds
[2021-12-17 21:40:19,954] {processor.py:163} INFO - Started process (PID=49435) to work on /home/sofienkhanfir/Bureau/Projet/Airflow/dags/main_dag.py
[2021-12-17 21:40:19,955] {processor.py:620} INFO - Processing file /home/sofienkhanfir/Bureau/Projet/Airflow/dags/main_dag.py for tasks to queue
[2021-12-17 21:40:19,956] {logging_mixin.py:109} INFO - [2021-12-17 21:40:19,956] {dagbag.py:500} INFO - Filling up the DagBag from /home/sofienkhanfir/Bureau/Projet/Airflow/dags/main_dag.py
[2021-12-17 21:40:20,305] {processor.py:632} INFO - DAG(s) dict_keys(['main_dag']) retrieved from /home/sofienkhanfir/Bureau/Projet/Airflow/dags/main_dag.py
[2021-12-17 21:40:20,309] {logging_mixin.py:109} INFO - [2021-12-17 21:40:20,309] {dag.py:2389} INFO - Sync 1 DAGs
[2021-12-17 21:40:20,316] {logging_mixin.py:109} INFO - [2021-12-17 21:40:20,316] {dag.py:2921} INFO - Setting next_dagrun for main_dag to 2021-12-16 00:00:00+00:00
[2021-12-17 21:40:20,323] {processor.py:171} INFO - Processing /home/sofienkhanfir/Bureau/Projet/Airflow/dags/main_dag.py took 0.371 seconds
[2021-12-17 21:40:31,693] {processor.py:163} INFO - Started process (PID=49494) to work on /home/sofienkhanfir/Bureau/Projet/Airflow/dags/main_dag.py
[2021-12-17 21:40:31,694] {processor.py:620} INFO - Processing file /home/sofienkhanfir/Bureau/Projet/Airflow/dags/main_dag.py for tasks to queue
[2021-12-17 21:40:31,694] {logging_mixin.py:109} INFO - [2021-12-17 21:40:31,694] {dagbag.py:500} INFO - Filling up the DagBag from /home/sofienkhanfir/Bureau/Projet/Airflow/dags/main_dag.py
[2021-12-17 21:40:31,888] {processor.py:632} INFO - DAG(s) dict_keys(['main_dag']) retrieved from /home/sofienkhanfir/Bureau/Projet/Airflow/dags/main_dag.py
[2021-12-17 21:40:31,892] {logging_mixin.py:109} INFO - [2021-12-17 21:40:31,892] {dag.py:2389} INFO - Sync 1 DAGs
[2021-12-17 21:40:31,900] {logging_mixin.py:109} INFO - [2021-12-17 21:40:31,900] {dag.py:2921} INFO - Setting next_dagrun for main_dag to 2021-12-16 00:00:00+00:00
[2021-12-17 21:40:31,907] {processor.py:171} INFO - Processing /home/sofienkhanfir/Bureau/Projet/Airflow/dags/main_dag.py took 0.216 seconds
[2021-12-17 21:40:43,116] {processor.py:163} INFO - Started process (PID=49546) to work on /home/sofienkhanfir/Bureau/Projet/Airflow/dags/main_dag.py
[2021-12-17 21:40:43,117] {processor.py:620} INFO - Processing file /home/sofienkhanfir/Bureau/Projet/Airflow/dags/main_dag.py for tasks to queue
[2021-12-17 21:40:43,118] {logging_mixin.py:109} INFO - [2021-12-17 21:40:43,117] {dagbag.py:500} INFO - Filling up the DagBag from /home/sofienkhanfir/Bureau/Projet/Airflow/dags/main_dag.py
[2021-12-17 21:40:43,333] {processor.py:632} INFO - DAG(s) dict_keys(['main_dag']) retrieved from /home/sofienkhanfir/Bureau/Projet/Airflow/dags/main_dag.py
[2021-12-17 21:40:43,337] {logging_mixin.py:109} INFO - [2021-12-17 21:40:43,337] {dag.py:2389} INFO - Sync 1 DAGs
[2021-12-17 21:40:43,344] {logging_mixin.py:109} INFO - [2021-12-17 21:40:43,344] {dag.py:2921} INFO - Setting next_dagrun for main_dag to 2021-12-16 00:00:00+00:00
[2021-12-17 21:40:43,354] {processor.py:171} INFO - Processing /home/sofienkhanfir/Bureau/Projet/Airflow/dags/main_dag.py took 0.239 seconds
[2021-12-17 21:40:53,435] {processor.py:163} INFO - Started process (PID=49602) to work on /home/sofienkhanfir/Bureau/Projet/Airflow/dags/main_dag.py
[2021-12-17 21:40:53,436] {processor.py:620} INFO - Processing file /home/sofienkhanfir/Bureau/Projet/Airflow/dags/main_dag.py for tasks to queue
[2021-12-17 21:40:53,436] {logging_mixin.py:109} INFO - [2021-12-17 21:40:53,436] {dagbag.py:500} INFO - Filling up the DagBag from /home/sofienkhanfir/Bureau/Projet/Airflow/dags/main_dag.py
[2021-12-17 21:40:53,806] {processor.py:632} INFO - DAG(s) dict_keys(['main_dag']) retrieved from /home/sofienkhanfir/Bureau/Projet/Airflow/dags/main_dag.py
[2021-12-17 21:40:53,811] {logging_mixin.py:109} INFO - [2021-12-17 21:40:53,811] {dag.py:2389} INFO - Sync 1 DAGs
[2021-12-17 21:40:53,817] {logging_mixin.py:109} INFO - [2021-12-17 21:40:53,817] {dag.py:2921} INFO - Setting next_dagrun for main_dag to 2021-12-16 00:00:00+00:00
[2021-12-17 21:40:53,825] {processor.py:171} INFO - Processing /home/sofienkhanfir/Bureau/Projet/Airflow/dags/main_dag.py took 0.392 seconds
[2021-12-17 21:41:03,812] {processor.py:163} INFO - Started process (PID=49655) to work on /home/sofienkhanfir/Bureau/Projet/Airflow/dags/main_dag.py
[2021-12-17 21:41:03,813] {processor.py:620} INFO - Processing file /home/sofienkhanfir/Bureau/Projet/Airflow/dags/main_dag.py for tasks to queue
[2021-12-17 21:41:03,813] {logging_mixin.py:109} INFO - [2021-12-17 21:41:03,813] {dagbag.py:500} INFO - Filling up the DagBag from /home/sofienkhanfir/Bureau/Projet/Airflow/dags/main_dag.py
[2021-12-17 21:41:04,009] {processor.py:632} INFO - DAG(s) dict_keys(['main_dag']) retrieved from /home/sofienkhanfir/Bureau/Projet/Airflow/dags/main_dag.py
[2021-12-17 21:41:04,014] {logging_mixin.py:109} INFO - [2021-12-17 21:41:04,014] {dag.py:2389} INFO - Sync 1 DAGs
[2021-12-17 21:41:04,021] {logging_mixin.py:109} INFO - [2021-12-17 21:41:04,021] {dag.py:2921} INFO - Setting next_dagrun for main_dag to 2021-12-16 00:00:00+00:00
[2021-12-17 21:41:04,028] {processor.py:171} INFO - Processing /home/sofienkhanfir/Bureau/Projet/Airflow/dags/main_dag.py took 0.217 seconds
[2021-12-17 21:41:14,174] {processor.py:163} INFO - Started process (PID=49707) to work on /home/sofienkhanfir/Bureau/Projet/Airflow/dags/main_dag.py
[2021-12-17 21:41:14,174] {processor.py:620} INFO - Processing file /home/sofienkhanfir/Bureau/Projet/Airflow/dags/main_dag.py for tasks to queue
[2021-12-17 21:41:14,175] {logging_mixin.py:109} INFO - [2021-12-17 21:41:14,175] {dagbag.py:500} INFO - Filling up the DagBag from /home/sofienkhanfir/Bureau/Projet/Airflow/dags/main_dag.py
[2021-12-17 21:41:14,769] {processor.py:632} INFO - DAG(s) dict_keys(['main_dag']) retrieved from /home/sofienkhanfir/Bureau/Projet/Airflow/dags/main_dag.py
[2021-12-17 21:41:14,790] {logging_mixin.py:109} INFO - [2021-12-17 21:41:14,790] {dag.py:2389} INFO - Sync 1 DAGs
[2021-12-17 21:41:14,811] {logging_mixin.py:109} INFO - [2021-12-17 21:41:14,811] {dag.py:2921} INFO - Setting next_dagrun for main_dag to 2021-12-16 00:00:00+00:00
[2021-12-17 21:41:14,832] {processor.py:171} INFO - Processing /home/sofienkhanfir/Bureau/Projet/Airflow/dags/main_dag.py took 0.660 seconds
[2021-12-17 21:41:26,963] {processor.py:163} INFO - Started process (PID=49765) to work on /home/sofienkhanfir/Bureau/Projet/Airflow/dags/main_dag.py
[2021-12-17 21:41:26,964] {processor.py:620} INFO - Processing file /home/sofienkhanfir/Bureau/Projet/Airflow/dags/main_dag.py for tasks to queue
[2021-12-17 21:41:26,965] {logging_mixin.py:109} INFO - [2021-12-17 21:41:26,965] {dagbag.py:500} INFO - Filling up the DagBag from /home/sofienkhanfir/Bureau/Projet/Airflow/dags/main_dag.py
[2021-12-17 21:41:27,153] {processor.py:632} INFO - DAG(s) dict_keys(['main_dag']) retrieved from /home/sofienkhanfir/Bureau/Projet/Airflow/dags/main_dag.py
[2021-12-17 21:41:27,158] {logging_mixin.py:109} INFO - [2021-12-17 21:41:27,157] {dag.py:2389} INFO - Sync 1 DAGs
[2021-12-17 21:41:27,164] {logging_mixin.py:109} INFO - [2021-12-17 21:41:27,164] {dag.py:2921} INFO - Setting next_dagrun for main_dag to 2021-12-16 00:00:00+00:00
[2021-12-17 21:41:27,173] {processor.py:171} INFO - Processing /home/sofienkhanfir/Bureau/Projet/Airflow/dags/main_dag.py took 0.211 seconds
[2021-12-17 21:41:39,014] {processor.py:163} INFO - Started process (PID=49825) to work on /home/sofienkhanfir/Bureau/Projet/Airflow/dags/main_dag.py
[2021-12-17 21:41:39,015] {processor.py:620} INFO - Processing file /home/sofienkhanfir/Bureau/Projet/Airflow/dags/main_dag.py for tasks to queue
[2021-12-17 21:41:39,016] {logging_mixin.py:109} INFO - [2021-12-17 21:41:39,016] {dagbag.py:500} INFO - Filling up the DagBag from /home/sofienkhanfir/Bureau/Projet/Airflow/dags/main_dag.py
[2021-12-17 21:41:39,256] {processor.py:632} INFO - DAG(s) dict_keys(['main_dag']) retrieved from /home/sofienkhanfir/Bureau/Projet/Airflow/dags/main_dag.py
[2021-12-17 21:41:39,261] {logging_mixin.py:109} INFO - [2021-12-17 21:41:39,261] {dag.py:2389} INFO - Sync 1 DAGs
[2021-12-17 21:41:39,268] {logging_mixin.py:109} INFO - [2021-12-17 21:41:39,268] {dag.py:2921} INFO - Setting next_dagrun for main_dag to 2021-12-16 00:00:00+00:00
[2021-12-17 21:41:39,275] {processor.py:171} INFO - Processing /home/sofienkhanfir/Bureau/Projet/Airflow/dags/main_dag.py took 0.262 seconds
[2021-12-17 21:41:51,457] {processor.py:163} INFO - Started process (PID=49893) to work on /home/sofienkhanfir/Bureau/Projet/Airflow/dags/main_dag.py
[2021-12-17 21:41:51,458] {processor.py:620} INFO - Processing file /home/sofienkhanfir/Bureau/Projet/Airflow/dags/main_dag.py for tasks to queue
[2021-12-17 21:41:51,459] {logging_mixin.py:109} INFO - [2021-12-17 21:41:51,459] {dagbag.py:500} INFO - Filling up the DagBag from /home/sofienkhanfir/Bureau/Projet/Airflow/dags/main_dag.py
[2021-12-17 21:41:51,652] {processor.py:632} INFO - DAG(s) dict_keys(['main_dag']) retrieved from /home/sofienkhanfir/Bureau/Projet/Airflow/dags/main_dag.py
[2021-12-17 21:41:51,656] {logging_mixin.py:109} INFO - [2021-12-17 21:41:51,656] {dag.py:2389} INFO - Sync 1 DAGs
[2021-12-17 21:41:51,663] {logging_mixin.py:109} INFO - [2021-12-17 21:41:51,663] {dag.py:2921} INFO - Setting next_dagrun for main_dag to 2021-12-16 00:00:00+00:00
[2021-12-17 21:41:51,672] {processor.py:171} INFO - Processing /home/sofienkhanfir/Bureau/Projet/Airflow/dags/main_dag.py took 0.216 seconds
[2021-12-17 21:42:02,074] {processor.py:163} INFO - Started process (PID=49946) to work on /home/sofienkhanfir/Bureau/Projet/Airflow/dags/main_dag.py
[2021-12-17 21:42:02,075] {processor.py:620} INFO - Processing file /home/sofienkhanfir/Bureau/Projet/Airflow/dags/main_dag.py for tasks to queue
[2021-12-17 21:42:02,075] {logging_mixin.py:109} INFO - [2021-12-17 21:42:02,075] {dagbag.py:500} INFO - Filling up the DagBag from /home/sofienkhanfir/Bureau/Projet/Airflow/dags/main_dag.py
[2021-12-17 21:42:02,408] {processor.py:632} INFO - DAG(s) dict_keys(['main_dag']) retrieved from /home/sofienkhanfir/Bureau/Projet/Airflow/dags/main_dag.py
[2021-12-17 21:42:02,413] {logging_mixin.py:109} INFO - [2021-12-17 21:42:02,413] {dag.py:2389} INFO - Sync 1 DAGs
[2021-12-17 21:42:02,420] {logging_mixin.py:109} INFO - [2021-12-17 21:42:02,420] {dag.py:2921} INFO - Setting next_dagrun for main_dag to 2021-12-16 00:00:00+00:00
[2021-12-17 21:42:02,430] {processor.py:171} INFO - Processing /home/sofienkhanfir/Bureau/Projet/Airflow/dags/main_dag.py took 0.360 seconds
[2021-12-17 21:42:11,220] {processor.py:163} INFO - Started process (PID=49992) to work on /home/sofienkhanfir/Bureau/Projet/Airflow/dags/main_dag.py
[2021-12-17 21:42:11,221] {processor.py:620} INFO - Processing file /home/sofienkhanfir/Bureau/Projet/Airflow/dags/main_dag.py for tasks to queue
[2021-12-17 21:42:11,221] {logging_mixin.py:109} INFO - [2021-12-17 21:42:11,221] {dagbag.py:500} INFO - Filling up the DagBag from /home/sofienkhanfir/Bureau/Projet/Airflow/dags/main_dag.py
[2021-12-17 21:42:11,420] {processor.py:632} INFO - DAG(s) dict_keys(['main_dag']) retrieved from /home/sofienkhanfir/Bureau/Projet/Airflow/dags/main_dag.py
[2021-12-17 21:42:11,425] {logging_mixin.py:109} INFO - [2021-12-17 21:42:11,425] {dag.py:2389} INFO - Sync 1 DAGs
[2021-12-17 21:42:11,433] {logging_mixin.py:109} INFO - [2021-12-17 21:42:11,433] {dag.py:2921} INFO - Setting next_dagrun for main_dag to 2021-12-16 00:00:00+00:00
[2021-12-17 21:42:11,441] {processor.py:171} INFO - Processing /home/sofienkhanfir/Bureau/Projet/Airflow/dags/main_dag.py took 0.222 seconds
[2021-12-17 21:42:20,591] {processor.py:163} INFO - Started process (PID=50040) to work on /home/sofienkhanfir/Bureau/Projet/Airflow/dags/main_dag.py
[2021-12-17 21:42:20,592] {processor.py:620} INFO - Processing file /home/sofienkhanfir/Bureau/Projet/Airflow/dags/main_dag.py for tasks to queue
[2021-12-17 21:42:20,592] {logging_mixin.py:109} INFO - [2021-12-17 21:42:20,592] {dagbag.py:500} INFO - Filling up the DagBag from /home/sofienkhanfir/Bureau/Projet/Airflow/dags/main_dag.py
[2021-12-17 21:42:20,895] {processor.py:632} INFO - DAG(s) dict_keys(['main_dag']) retrieved from /home/sofienkhanfir/Bureau/Projet/Airflow/dags/main_dag.py
[2021-12-17 21:42:20,899] {logging_mixin.py:109} INFO - [2021-12-17 21:42:20,899] {dag.py:2389} INFO - Sync 1 DAGs
[2021-12-17 21:42:20,907] {logging_mixin.py:109} INFO - [2021-12-17 21:42:20,907] {dag.py:2921} INFO - Setting next_dagrun for main_dag to 2021-12-16 00:00:00+00:00
[2021-12-17 21:42:20,915] {processor.py:171} INFO - Processing /home/sofienkhanfir/Bureau/Projet/Airflow/dags/main_dag.py took 0.325 seconds
[2021-12-17 21:42:34,154] {processor.py:163} INFO - Started process (PID=50105) to work on /home/sofienkhanfir/Bureau/Projet/Airflow/dags/main_dag.py
[2021-12-17 21:42:34,156] {processor.py:620} INFO - Processing file /home/sofienkhanfir/Bureau/Projet/Airflow/dags/main_dag.py for tasks to queue
[2021-12-17 21:42:34,156] {logging_mixin.py:109} INFO - [2021-12-17 21:42:34,156] {dagbag.py:500} INFO - Filling up the DagBag from /home/sofienkhanfir/Bureau/Projet/Airflow/dags/main_dag.py
[2021-12-17 21:42:34,349] {processor.py:632} INFO - DAG(s) dict_keys(['main_dag']) retrieved from /home/sofienkhanfir/Bureau/Projet/Airflow/dags/main_dag.py
[2021-12-17 21:42:34,354] {logging_mixin.py:109} INFO - [2021-12-17 21:42:34,354] {dag.py:2389} INFO - Sync 1 DAGs
[2021-12-17 21:42:34,361] {logging_mixin.py:109} INFO - [2021-12-17 21:42:34,361] {dag.py:2921} INFO - Setting next_dagrun for main_dag to 2021-12-16 00:00:00+00:00
[2021-12-17 21:42:34,368] {processor.py:171} INFO - Processing /home/sofienkhanfir/Bureau/Projet/Airflow/dags/main_dag.py took 0.215 seconds
[2021-12-17 21:42:45,066] {processor.py:163} INFO - Started process (PID=50161) to work on /home/sofienkhanfir/Bureau/Projet/Airflow/dags/main_dag.py
[2021-12-17 21:42:45,067] {processor.py:620} INFO - Processing file /home/sofienkhanfir/Bureau/Projet/Airflow/dags/main_dag.py for tasks to queue
[2021-12-17 21:42:45,067] {logging_mixin.py:109} INFO - [2021-12-17 21:42:45,067] {dagbag.py:500} INFO - Filling up the DagBag from /home/sofienkhanfir/Bureau/Projet/Airflow/dags/main_dag.py
[2021-12-17 21:42:45,400] {processor.py:632} INFO - DAG(s) dict_keys(['main_dag']) retrieved from /home/sofienkhanfir/Bureau/Projet/Airflow/dags/main_dag.py
[2021-12-17 21:42:45,409] {logging_mixin.py:109} INFO - [2021-12-17 21:42:45,408] {dag.py:2389} INFO - Sync 1 DAGs
[2021-12-17 21:42:45,419] {logging_mixin.py:109} INFO - [2021-12-17 21:42:45,419] {dag.py:2921} INFO - Setting next_dagrun for main_dag to 2021-12-16 00:00:00+00:00
[2021-12-17 21:42:45,427] {processor.py:171} INFO - Processing /home/sofienkhanfir/Bureau/Projet/Airflow/dags/main_dag.py took 0.362 seconds
[2021-12-17 21:42:55,652] {processor.py:163} INFO - Started process (PID=50213) to work on /home/sofienkhanfir/Bureau/Projet/Airflow/dags/main_dag.py
[2021-12-17 21:42:55,652] {processor.py:620} INFO - Processing file /home/sofienkhanfir/Bureau/Projet/Airflow/dags/main_dag.py for tasks to queue
[2021-12-17 21:42:55,653] {logging_mixin.py:109} INFO - [2021-12-17 21:42:55,653] {dagbag.py:500} INFO - Filling up the DagBag from /home/sofienkhanfir/Bureau/Projet/Airflow/dags/main_dag.py
[2021-12-17 21:42:55,924] {processor.py:632} INFO - DAG(s) dict_keys(['main_dag']) retrieved from /home/sofienkhanfir/Bureau/Projet/Airflow/dags/main_dag.py
[2021-12-17 21:42:55,928] {logging_mixin.py:109} INFO - [2021-12-17 21:42:55,928] {dag.py:2389} INFO - Sync 1 DAGs
[2021-12-17 21:42:55,958] {logging_mixin.py:109} INFO - [2021-12-17 21:42:55,958] {dag.py:2921} INFO - Setting next_dagrun for main_dag to 2021-12-16 00:00:00+00:00
[2021-12-17 21:42:55,974] {processor.py:171} INFO - Processing /home/sofienkhanfir/Bureau/Projet/Airflow/dags/main_dag.py took 0.324 seconds
[2021-12-17 21:43:07,412] {processor.py:163} INFO - Started process (PID=50277) to work on /home/sofienkhanfir/Bureau/Projet/Airflow/dags/main_dag.py
[2021-12-17 21:43:07,414] {processor.py:620} INFO - Processing file /home/sofienkhanfir/Bureau/Projet/Airflow/dags/main_dag.py for tasks to queue
[2021-12-17 21:43:07,414] {logging_mixin.py:109} INFO - [2021-12-17 21:43:07,414] {dagbag.py:500} INFO - Filling up the DagBag from /home/sofienkhanfir/Bureau/Projet/Airflow/dags/main_dag.py
[2021-12-17 21:43:07,608] {processor.py:632} INFO - DAG(s) dict_keys(['main_dag']) retrieved from /home/sofienkhanfir/Bureau/Projet/Airflow/dags/main_dag.py
[2021-12-17 21:43:07,612] {logging_mixin.py:109} INFO - [2021-12-17 21:43:07,612] {dag.py:2389} INFO - Sync 1 DAGs
[2021-12-17 21:43:07,620] {logging_mixin.py:109} INFO - [2021-12-17 21:43:07,620] {dag.py:2921} INFO - Setting next_dagrun for main_dag to 2021-12-16 00:00:00+00:00
[2021-12-17 21:43:07,627] {processor.py:171} INFO - Processing /home/sofienkhanfir/Bureau/Projet/Airflow/dags/main_dag.py took 0.216 seconds
[2021-12-17 21:43:20,154] {processor.py:163} INFO - Started process (PID=50336) to work on /home/sofienkhanfir/Bureau/Projet/Airflow/dags/main_dag.py
[2021-12-17 21:43:20,155] {processor.py:620} INFO - Processing file /home/sofienkhanfir/Bureau/Projet/Airflow/dags/main_dag.py for tasks to queue
[2021-12-17 21:43:20,156] {logging_mixin.py:109} INFO - [2021-12-17 21:43:20,156] {dagbag.py:500} INFO - Filling up the DagBag from /home/sofienkhanfir/Bureau/Projet/Airflow/dags/main_dag.py
[2021-12-17 21:43:20,350] {processor.py:632} INFO - DAG(s) dict_keys(['main_dag']) retrieved from /home/sofienkhanfir/Bureau/Projet/Airflow/dags/main_dag.py
[2021-12-17 21:43:20,361] {logging_mixin.py:109} INFO - [2021-12-17 21:43:20,361] {dag.py:2389} INFO - Sync 1 DAGs
[2021-12-17 21:43:20,370] {logging_mixin.py:109} INFO - [2021-12-17 21:43:20,370] {dag.py:2921} INFO - Setting next_dagrun for main_dag to 2021-12-16 00:00:00+00:00
[2021-12-17 21:43:20,377] {processor.py:171} INFO - Processing /home/sofienkhanfir/Bureau/Projet/Airflow/dags/main_dag.py took 0.224 seconds
[2021-12-17 21:43:31,653] {processor.py:163} INFO - Started process (PID=50392) to work on /home/sofienkhanfir/Bureau/Projet/Airflow/dags/main_dag.py
[2021-12-17 21:43:31,654] {processor.py:620} INFO - Processing file /home/sofienkhanfir/Bureau/Projet/Airflow/dags/main_dag.py for tasks to queue
[2021-12-17 21:43:31,654] {logging_mixin.py:109} INFO - [2021-12-17 21:43:31,654] {dagbag.py:500} INFO - Filling up the DagBag from /home/sofienkhanfir/Bureau/Projet/Airflow/dags/main_dag.py
[2021-12-17 21:43:31,944] {processor.py:632} INFO - DAG(s) dict_keys(['main_dag']) retrieved from /home/sofienkhanfir/Bureau/Projet/Airflow/dags/main_dag.py
[2021-12-17 21:43:31,949] {logging_mixin.py:109} INFO - [2021-12-17 21:43:31,949] {dag.py:2389} INFO - Sync 1 DAGs
[2021-12-17 21:43:31,956] {logging_mixin.py:109} INFO - [2021-12-17 21:43:31,956] {dag.py:2921} INFO - Setting next_dagrun for main_dag to 2021-12-16 00:00:00+00:00
[2021-12-17 21:43:31,965] {processor.py:171} INFO - Processing /home/sofienkhanfir/Bureau/Projet/Airflow/dags/main_dag.py took 0.313 seconds
[2021-12-17 21:43:43,755] {processor.py:163} INFO - Started process (PID=50456) to work on /home/sofienkhanfir/Bureau/Projet/Airflow/dags/main_dag.py
[2021-12-17 21:43:43,756] {processor.py:620} INFO - Processing file /home/sofienkhanfir/Bureau/Projet/Airflow/dags/main_dag.py for tasks to queue
[2021-12-17 21:43:43,756] {logging_mixin.py:109} INFO - [2021-12-17 21:43:43,756] {dagbag.py:500} INFO - Filling up the DagBag from /home/sofienkhanfir/Bureau/Projet/Airflow/dags/main_dag.py
[2021-12-17 21:43:43,952] {processor.py:632} INFO - DAG(s) dict_keys(['main_dag']) retrieved from /home/sofienkhanfir/Bureau/Projet/Airflow/dags/main_dag.py
[2021-12-17 21:43:43,957] {logging_mixin.py:109} INFO - [2021-12-17 21:43:43,957] {dag.py:2389} INFO - Sync 1 DAGs
[2021-12-17 21:43:43,964] {logging_mixin.py:109} INFO - [2021-12-17 21:43:43,964] {dag.py:2921} INFO - Setting next_dagrun for main_dag to 2021-12-16 00:00:00+00:00
[2021-12-17 21:43:43,983] {processor.py:171} INFO - Processing /home/sofienkhanfir/Bureau/Projet/Airflow/dags/main_dag.py took 0.229 seconds
[2021-12-17 21:43:55,069] {processor.py:163} INFO - Started process (PID=50508) to work on /home/sofienkhanfir/Bureau/Projet/Airflow/dags/main_dag.py
[2021-12-17 21:43:55,070] {processor.py:620} INFO - Processing file /home/sofienkhanfir/Bureau/Projet/Airflow/dags/main_dag.py for tasks to queue
[2021-12-17 21:43:55,070] {logging_mixin.py:109} INFO - [2021-12-17 21:43:55,070] {dagbag.py:500} INFO - Filling up the DagBag from /home/sofienkhanfir/Bureau/Projet/Airflow/dags/main_dag.py
[2021-12-17 21:43:55,258] {processor.py:632} INFO - DAG(s) dict_keys(['main_dag']) retrieved from /home/sofienkhanfir/Bureau/Projet/Airflow/dags/main_dag.py
[2021-12-17 21:43:55,262] {logging_mixin.py:109} INFO - [2021-12-17 21:43:55,262] {dag.py:2389} INFO - Sync 1 DAGs
[2021-12-17 21:43:55,270] {logging_mixin.py:109} INFO - [2021-12-17 21:43:55,270] {dag.py:2921} INFO - Setting next_dagrun for main_dag to 2021-12-16 00:00:00+00:00
[2021-12-17 21:43:55,278] {processor.py:171} INFO - Processing /home/sofienkhanfir/Bureau/Projet/Airflow/dags/main_dag.py took 0.211 seconds
[2021-12-17 21:44:06,912] {processor.py:163} INFO - Started process (PID=50565) to work on /home/sofienkhanfir/Bureau/Projet/Airflow/dags/main_dag.py
[2021-12-17 21:44:06,913] {processor.py:620} INFO - Processing file /home/sofienkhanfir/Bureau/Projet/Airflow/dags/main_dag.py for tasks to queue
[2021-12-17 21:44:06,914] {logging_mixin.py:109} INFO - [2021-12-17 21:44:06,914] {dagbag.py:500} INFO - Filling up the DagBag from /home/sofienkhanfir/Bureau/Projet/Airflow/dags/main_dag.py
[2021-12-17 21:44:07,102] {processor.py:632} INFO - DAG(s) dict_keys(['main_dag']) retrieved from /home/sofienkhanfir/Bureau/Projet/Airflow/dags/main_dag.py
[2021-12-17 21:44:07,118] {logging_mixin.py:109} INFO - [2021-12-17 21:44:07,118] {dag.py:2389} INFO - Sync 1 DAGs
[2021-12-17 21:44:07,133] {logging_mixin.py:109} INFO - [2021-12-17 21:44:07,133] {dag.py:2921} INFO - Setting next_dagrun for main_dag to 2021-12-16 00:00:00+00:00
[2021-12-17 21:44:07,145] {processor.py:171} INFO - Processing /home/sofienkhanfir/Bureau/Projet/Airflow/dags/main_dag.py took 0.235 seconds
[2021-12-17 21:44:19,779] {processor.py:163} INFO - Started process (PID=50627) to work on /home/sofienkhanfir/Bureau/Projet/Airflow/dags/main_dag.py
[2021-12-17 21:44:19,782] {processor.py:620} INFO - Processing file /home/sofienkhanfir/Bureau/Projet/Airflow/dags/main_dag.py for tasks to queue
[2021-12-17 21:44:19,782] {logging_mixin.py:109} INFO - [2021-12-17 21:44:19,782] {dagbag.py:500} INFO - Filling up the DagBag from /home/sofienkhanfir/Bureau/Projet/Airflow/dags/main_dag.py
[2021-12-17 21:44:19,975] {processor.py:632} INFO - DAG(s) dict_keys(['main_dag']) retrieved from /home/sofienkhanfir/Bureau/Projet/Airflow/dags/main_dag.py
[2021-12-17 21:44:19,985] {logging_mixin.py:109} INFO - [2021-12-17 21:44:19,985] {dag.py:2389} INFO - Sync 1 DAGs
[2021-12-17 21:44:19,994] {logging_mixin.py:109} INFO - [2021-12-17 21:44:19,994] {dag.py:2921} INFO - Setting next_dagrun for main_dag to 2021-12-16 00:00:00+00:00
[2021-12-17 21:44:20,002] {processor.py:171} INFO - Processing /home/sofienkhanfir/Bureau/Projet/Airflow/dags/main_dag.py took 0.224 seconds
[2021-12-17 21:44:32,273] {processor.py:163} INFO - Started process (PID=50685) to work on /home/sofienkhanfir/Bureau/Projet/Airflow/dags/main_dag.py
[2021-12-17 21:44:32,278] {processor.py:620} INFO - Processing file /home/sofienkhanfir/Bureau/Projet/Airflow/dags/main_dag.py for tasks to queue
[2021-12-17 21:44:32,278] {logging_mixin.py:109} INFO - [2021-12-17 21:44:32,278] {dagbag.py:500} INFO - Filling up the DagBag from /home/sofienkhanfir/Bureau/Projet/Airflow/dags/main_dag.py
[2021-12-17 21:44:32,582] {processor.py:632} INFO - DAG(s) dict_keys(['main_dag']) retrieved from /home/sofienkhanfir/Bureau/Projet/Airflow/dags/main_dag.py
[2021-12-17 21:44:32,587] {logging_mixin.py:109} INFO - [2021-12-17 21:44:32,587] {dag.py:2389} INFO - Sync 1 DAGs
[2021-12-17 21:44:32,593] {logging_mixin.py:109} INFO - [2021-12-17 21:44:32,593] {dag.py:2921} INFO - Setting next_dagrun for main_dag to 2021-12-16 00:00:00+00:00
[2021-12-17 21:44:32,600] {processor.py:171} INFO - Processing /home/sofienkhanfir/Bureau/Projet/Airflow/dags/main_dag.py took 0.329 seconds
[2021-12-17 21:44:43,668] {processor.py:163} INFO - Started process (PID=50742) to work on /home/sofienkhanfir/Bureau/Projet/Airflow/dags/main_dag.py
[2021-12-17 21:44:43,668] {processor.py:620} INFO - Processing file /home/sofienkhanfir/Bureau/Projet/Airflow/dags/main_dag.py for tasks to queue
[2021-12-17 21:44:43,669] {logging_mixin.py:109} INFO - [2021-12-17 21:44:43,669] {dagbag.py:500} INFO - Filling up the DagBag from /home/sofienkhanfir/Bureau/Projet/Airflow/dags/main_dag.py
[2021-12-17 21:44:43,864] {processor.py:632} INFO - DAG(s) dict_keys(['main_dag']) retrieved from /home/sofienkhanfir/Bureau/Projet/Airflow/dags/main_dag.py
[2021-12-17 21:44:43,868] {logging_mixin.py:109} INFO - [2021-12-17 21:44:43,868] {dag.py:2389} INFO - Sync 1 DAGs
[2021-12-17 21:44:43,881] {logging_mixin.py:109} INFO - [2021-12-17 21:44:43,881] {dag.py:2921} INFO - Setting next_dagrun for main_dag to 2021-12-16 00:00:00+00:00
[2021-12-17 21:44:43,888] {processor.py:171} INFO - Processing /home/sofienkhanfir/Bureau/Projet/Airflow/dags/main_dag.py took 0.222 seconds
[2021-12-17 21:44:56,002] {processor.py:163} INFO - Started process (PID=50806) to work on /home/sofienkhanfir/Bureau/Projet/Airflow/dags/main_dag.py
[2021-12-17 21:44:56,002] {processor.py:620} INFO - Processing file /home/sofienkhanfir/Bureau/Projet/Airflow/dags/main_dag.py for tasks to queue
[2021-12-17 21:44:56,003] {logging_mixin.py:109} INFO - [2021-12-17 21:44:56,003] {dagbag.py:500} INFO - Filling up the DagBag from /home/sofienkhanfir/Bureau/Projet/Airflow/dags/main_dag.py
[2021-12-17 21:44:56,232] {processor.py:632} INFO - DAG(s) dict_keys(['main_dag']) retrieved from /home/sofienkhanfir/Bureau/Projet/Airflow/dags/main_dag.py
[2021-12-17 21:44:56,237] {logging_mixin.py:109} INFO - [2021-12-17 21:44:56,237] {dag.py:2389} INFO - Sync 1 DAGs
[2021-12-17 21:44:56,244] {logging_mixin.py:109} INFO - [2021-12-17 21:44:56,244] {dag.py:2921} INFO - Setting next_dagrun for main_dag to 2021-12-16 00:00:00+00:00
[2021-12-17 21:44:56,251] {processor.py:171} INFO - Processing /home/sofienkhanfir/Bureau/Projet/Airflow/dags/main_dag.py took 0.251 seconds
[2021-12-17 21:45:07,595] {processor.py:163} INFO - Started process (PID=50886) to work on /home/sofienkhanfir/Bureau/Projet/Airflow/dags/main_dag.py
[2021-12-17 21:45:07,596] {processor.py:620} INFO - Processing file /home/sofienkhanfir/Bureau/Projet/Airflow/dags/main_dag.py for tasks to queue
[2021-12-17 21:45:07,596] {logging_mixin.py:109} INFO - [2021-12-17 21:45:07,596] {dagbag.py:500} INFO - Filling up the DagBag from /home/sofienkhanfir/Bureau/Projet/Airflow/dags/main_dag.py
[2021-12-17 21:45:07,819] {processor.py:632} INFO - DAG(s) dict_keys(['main_dag']) retrieved from /home/sofienkhanfir/Bureau/Projet/Airflow/dags/main_dag.py
[2021-12-17 21:45:07,846] {logging_mixin.py:109} INFO - [2021-12-17 21:45:07,845] {dag.py:2389} INFO - Sync 1 DAGs
[2021-12-17 21:45:07,874] {logging_mixin.py:109} INFO - [2021-12-17 21:45:07,874] {dag.py:2921} INFO - Setting next_dagrun for main_dag to 2021-12-16 00:00:00+00:00
[2021-12-17 21:45:07,888] {processor.py:171} INFO - Processing /home/sofienkhanfir/Bureau/Projet/Airflow/dags/main_dag.py took 0.294 seconds
[2021-12-17 21:45:19,308] {processor.py:163} INFO - Started process (PID=50942) to work on /home/sofienkhanfir/Bureau/Projet/Airflow/dags/main_dag.py
[2021-12-17 21:45:19,309] {processor.py:620} INFO - Processing file /home/sofienkhanfir/Bureau/Projet/Airflow/dags/main_dag.py for tasks to queue
[2021-12-17 21:45:19,309] {logging_mixin.py:109} INFO - [2021-12-17 21:45:19,309] {dagbag.py:500} INFO - Filling up the DagBag from /home/sofienkhanfir/Bureau/Projet/Airflow/dags/main_dag.py
[2021-12-17 21:45:19,514] {processor.py:632} INFO - DAG(s) dict_keys(['main_dag']) retrieved from /home/sofienkhanfir/Bureau/Projet/Airflow/dags/main_dag.py
[2021-12-17 21:45:19,518] {logging_mixin.py:109} INFO - [2021-12-17 21:45:19,518] {dag.py:2389} INFO - Sync 1 DAGs
[2021-12-17 21:45:19,525] {logging_mixin.py:109} INFO - [2021-12-17 21:45:19,525] {dag.py:2921} INFO - Setting next_dagrun for main_dag to 2021-12-16 00:00:00+00:00
[2021-12-17 21:45:19,533] {processor.py:171} INFO - Processing /home/sofienkhanfir/Bureau/Projet/Airflow/dags/main_dag.py took 0.226 seconds
[2021-12-17 21:45:30,840] {processor.py:163} INFO - Started process (PID=51006) to work on /home/sofienkhanfir/Bureau/Projet/Airflow/dags/main_dag.py
[2021-12-17 21:45:30,843] {processor.py:620} INFO - Processing file /home/sofienkhanfir/Bureau/Projet/Airflow/dags/main_dag.py for tasks to queue
[2021-12-17 21:45:30,845] {logging_mixin.py:109} INFO - [2021-12-17 21:45:30,845] {dagbag.py:500} INFO - Filling up the DagBag from /home/sofienkhanfir/Bureau/Projet/Airflow/dags/main_dag.py
[2021-12-17 21:45:31,436] {processor.py:632} INFO - DAG(s) dict_keys(['main_dag']) retrieved from /home/sofienkhanfir/Bureau/Projet/Airflow/dags/main_dag.py
[2021-12-17 21:45:31,445] {logging_mixin.py:109} INFO - [2021-12-17 21:45:31,444] {dag.py:2389} INFO - Sync 1 DAGs
[2021-12-17 21:45:31,459] {logging_mixin.py:109} INFO - [2021-12-17 21:45:31,459] {dag.py:2921} INFO - Setting next_dagrun for main_dag to 2021-12-16 00:00:00+00:00
[2021-12-17 21:45:31,472] {processor.py:171} INFO - Processing /home/sofienkhanfir/Bureau/Projet/Airflow/dags/main_dag.py took 0.634 seconds
[2021-12-17 21:45:43,110] {processor.py:163} INFO - Started process (PID=51068) to work on /home/sofienkhanfir/Bureau/Projet/Airflow/dags/main_dag.py
[2021-12-17 21:45:43,111] {processor.py:620} INFO - Processing file /home/sofienkhanfir/Bureau/Projet/Airflow/dags/main_dag.py for tasks to queue
[2021-12-17 21:45:43,111] {logging_mixin.py:109} INFO - [2021-12-17 21:45:43,111] {dagbag.py:500} INFO - Filling up the DagBag from /home/sofienkhanfir/Bureau/Projet/Airflow/dags/main_dag.py
[2021-12-17 21:45:43,302] {processor.py:632} INFO - DAG(s) dict_keys(['main_dag']) retrieved from /home/sofienkhanfir/Bureau/Projet/Airflow/dags/main_dag.py
[2021-12-17 21:45:43,307] {logging_mixin.py:109} INFO - [2021-12-17 21:45:43,307] {dag.py:2389} INFO - Sync 1 DAGs
[2021-12-17 21:45:43,313] {logging_mixin.py:109} INFO - [2021-12-17 21:45:43,313] {dag.py:2921} INFO - Setting next_dagrun for main_dag to 2021-12-16 00:00:00+00:00
[2021-12-17 21:45:43,322] {processor.py:171} INFO - Processing /home/sofienkhanfir/Bureau/Projet/Airflow/dags/main_dag.py took 0.214 seconds
[2021-12-17 21:45:53,938] {processor.py:163} INFO - Started process (PID=51129) to work on /home/sofienkhanfir/Bureau/Projet/Airflow/dags/main_dag.py
[2021-12-17 21:45:53,940] {processor.py:620} INFO - Processing file /home/sofienkhanfir/Bureau/Projet/Airflow/dags/main_dag.py for tasks to queue
[2021-12-17 21:45:53,940] {logging_mixin.py:109} INFO - [2021-12-17 21:45:53,940] {dagbag.py:500} INFO - Filling up the DagBag from /home/sofienkhanfir/Bureau/Projet/Airflow/dags/main_dag.py
[2021-12-17 21:45:54,169] {processor.py:632} INFO - DAG(s) dict_keys(['main_dag']) retrieved from /home/sofienkhanfir/Bureau/Projet/Airflow/dags/main_dag.py
[2021-12-17 21:45:54,173] {logging_mixin.py:109} INFO - [2021-12-17 21:45:54,172] {dag.py:2389} INFO - Sync 1 DAGs
[2021-12-17 21:45:54,179] {logging_mixin.py:109} INFO - [2021-12-17 21:45:54,179] {dag.py:2921} INFO - Setting next_dagrun for main_dag to 2021-12-16 00:00:00+00:00
[2021-12-17 21:45:54,186] {processor.py:171} INFO - Processing /home/sofienkhanfir/Bureau/Projet/Airflow/dags/main_dag.py took 0.249 seconds
[2021-12-17 21:46:07,689] {processor.py:163} INFO - Started process (PID=51189) to work on /home/sofienkhanfir/Bureau/Projet/Airflow/dags/main_dag.py
[2021-12-17 21:46:07,693] {processor.py:620} INFO - Processing file /home/sofienkhanfir/Bureau/Projet/Airflow/dags/main_dag.py for tasks to queue
[2021-12-17 21:46:07,694] {logging_mixin.py:109} INFO - [2021-12-17 21:46:07,694] {dagbag.py:500} INFO - Filling up the DagBag from /home/sofienkhanfir/Bureau/Projet/Airflow/dags/main_dag.py
[2021-12-17 21:46:08,164] {processor.py:632} INFO - DAG(s) dict_keys(['main_dag']) retrieved from /home/sofienkhanfir/Bureau/Projet/Airflow/dags/main_dag.py
[2021-12-17 21:46:08,176] {logging_mixin.py:109} INFO - [2021-12-17 21:46:08,175] {dag.py:2389} INFO - Sync 1 DAGs
[2021-12-17 21:46:08,189] {logging_mixin.py:109} INFO - [2021-12-17 21:46:08,189] {dag.py:2921} INFO - Setting next_dagrun for main_dag to 2021-12-16 00:00:00+00:00
[2021-12-17 21:46:08,201] {processor.py:171} INFO - Processing /home/sofienkhanfir/Bureau/Projet/Airflow/dags/main_dag.py took 0.514 seconds
[2021-12-17 21:46:21,053] {processor.py:163} INFO - Started process (PID=51248) to work on /home/sofienkhanfir/Bureau/Projet/Airflow/dags/main_dag.py
[2021-12-17 21:46:21,054] {processor.py:620} INFO - Processing file /home/sofienkhanfir/Bureau/Projet/Airflow/dags/main_dag.py for tasks to queue
[2021-12-17 21:46:21,054] {logging_mixin.py:109} INFO - [2021-12-17 21:46:21,054] {dagbag.py:500} INFO - Filling up the DagBag from /home/sofienkhanfir/Bureau/Projet/Airflow/dags/main_dag.py
[2021-12-17 21:46:21,252] {processor.py:632} INFO - DAG(s) dict_keys(['main_dag']) retrieved from /home/sofienkhanfir/Bureau/Projet/Airflow/dags/main_dag.py
[2021-12-17 21:46:21,256] {logging_mixin.py:109} INFO - [2021-12-17 21:46:21,255] {dag.py:2389} INFO - Sync 1 DAGs
[2021-12-17 21:46:21,262] {logging_mixin.py:109} INFO - [2021-12-17 21:46:21,262] {dag.py:2921} INFO - Setting next_dagrun for main_dag to 2021-12-16 00:00:00+00:00
[2021-12-17 21:46:21,270] {processor.py:171} INFO - Processing /home/sofienkhanfir/Bureau/Projet/Airflow/dags/main_dag.py took 0.218 seconds
[2021-12-17 21:47:23,771] {processor.py:163} INFO - Started process (PID=51884) to work on /home/sofienkhanfir/Bureau/Projet/Airflow/dags/main_dag.py
[2021-12-17 21:47:23,772] {processor.py:620} INFO - Processing file /home/sofienkhanfir/Bureau/Projet/Airflow/dags/main_dag.py for tasks to queue
[2021-12-17 21:47:23,775] {logging_mixin.py:109} INFO - [2021-12-17 21:47:23,775] {dagbag.py:500} INFO - Filling up the DagBag from /home/sofienkhanfir/Bureau/Projet/Airflow/dags/main_dag.py
[2021-12-17 21:47:24,687] {processor.py:632} INFO - DAG(s) dict_keys(['main_dag']) retrieved from /home/sofienkhanfir/Bureau/Projet/Airflow/dags/main_dag.py
[2021-12-17 21:47:24,691] {logging_mixin.py:109} INFO - [2021-12-17 21:47:24,690] {dag.py:2389} INFO - Sync 1 DAGs
[2021-12-17 21:47:24,698] {logging_mixin.py:109} INFO - [2021-12-17 21:47:24,698] {dag.py:2921} INFO - Setting next_dagrun for main_dag to 2021-12-16 00:00:00+00:00
[2021-12-17 21:47:24,706] {processor.py:171} INFO - Processing /home/sofienkhanfir/Bureau/Projet/Airflow/dags/main_dag.py took 0.936 seconds
[2021-12-17 21:49:01,743] {processor.py:163} INFO - Started process (PID=52710) to work on /home/sofienkhanfir/Bureau/Projet/Airflow/dags/main_dag.py
[2021-12-17 21:49:01,757] {processor.py:620} INFO - Processing file /home/sofienkhanfir/Bureau/Projet/Airflow/dags/main_dag.py for tasks to queue
[2021-12-17 21:49:01,763] {logging_mixin.py:109} INFO - [2021-12-17 21:49:01,757] {dagbag.py:500} INFO - Filling up the DagBag from /home/sofienkhanfir/Bureau/Projet/Airflow/dags/main_dag.py
[2021-12-17 21:49:02,702] {processor.py:632} INFO - DAG(s) dict_keys(['main_dag']) retrieved from /home/sofienkhanfir/Bureau/Projet/Airflow/dags/main_dag.py
[2021-12-17 21:49:02,716] {logging_mixin.py:109} INFO - [2021-12-17 21:49:02,716] {dag.py:2389} INFO - Sync 1 DAGs
[2021-12-17 21:49:02,742] {logging_mixin.py:109} INFO - [2021-12-17 21:49:02,741] {dag.py:2921} INFO - Setting next_dagrun for main_dag to 2021-12-16 00:00:00+00:00
[2021-12-17 21:49:02,758] {processor.py:171} INFO - Processing /home/sofienkhanfir/Bureau/Projet/Airflow/dags/main_dag.py took 1.016 seconds
