[2021-12-17 21:49:05,606] {taskinstance.py:1035} INFO - Dependencies all met for <TaskInstance: dag_of_spark_files.Jeanluc_melenchon scheduled__2021-12-16T00:00:00+00:00 [queued]>
[2021-12-17 21:49:05,610] {taskinstance.py:1035} INFO - Dependencies all met for <TaskInstance: dag_of_spark_files.Jeanluc_melenchon scheduled__2021-12-16T00:00:00+00:00 [queued]>
[2021-12-17 21:49:05,610] {taskinstance.py:1241} INFO - 
--------------------------------------------------------------------------------
[2021-12-17 21:49:05,610] {taskinstance.py:1242} INFO - Starting attempt 1 of 1
[2021-12-17 21:49:05,610] {taskinstance.py:1243} INFO - 
--------------------------------------------------------------------------------
[2021-12-17 21:49:05,619] {taskinstance.py:1262} INFO - Executing <Task(PythonOperator): Jeanluc_melenchon> on 2021-12-16 00:00:00+00:00
[2021-12-17 21:49:05,621] {standard_task_runner.py:52} INFO - Started process 52726 to run task
[2021-12-17 21:49:05,624] {standard_task_runner.py:76} INFO - Running: ['airflow', 'tasks', 'run', 'dag_of_spark_files', 'Jeanluc_melenchon', 'scheduled__2021-12-16T00:00:00+00:00', '--job-id', '43', '--raw', '--subdir', 'DAGS_FOLDER/my_dag.py', '--cfg-path', '/tmp/tmptq5gi1kg', '--error-file', '/tmp/tmpmcdx0gje']
[2021-12-17 21:49:05,624] {standard_task_runner.py:77} INFO - Job 43: Subtask Jeanluc_melenchon
[2021-12-17 21:49:05,645] {logging_mixin.py:109} INFO - Running <TaskInstance: dag_of_spark_files.Jeanluc_melenchon scheduled__2021-12-16T00:00:00+00:00 [running]> on host sofienkhanfir-VirtualBox
[2021-12-17 21:49:05,665] {taskinstance.py:1427} INFO - Exporting the following env vars:
AIRFLOW_CTX_DAG_OWNER=airflow
AIRFLOW_CTX_DAG_ID=dag_of_spark_files
AIRFLOW_CTX_TASK_ID=Jeanluc_melenchon
AIRFLOW_CTX_EXECUTION_DATE=2021-12-16T00:00:00+00:00
AIRFLOW_CTX_DAG_RUN_ID=scheduled__2021-12-16T00:00:00+00:00
[2021-12-17 21:49:26,437] {python.py:152} INFO - Done. Returned value was: None
[2021-12-17 21:49:26,446] {taskinstance.py:1270} INFO - Marking task as SUCCESS. dag_id=dag_of_spark_files, task_id=Jeanluc_melenchon, execution_date=20211216T000000, start_date=20211217T204905, end_date=20211217T204926
[2021-12-17 21:49:26,486] {local_task_job.py:154} INFO - Task exited with return code 0
[2021-12-17 21:49:26,546] {local_task_job.py:264} INFO - 1 downstream tasks scheduled from follow-on schedule check
