[2021-12-17 15:33:41,677] {taskinstance.py:1035} INFO - Dependencies all met for <TaskInstance: my_dag.choose_best_model scheduled__2021-12-16T00:00:00+00:00 [queued]>
[2021-12-17 15:33:41,681] {taskinstance.py:1035} INFO - Dependencies all met for <TaskInstance: my_dag.choose_best_model scheduled__2021-12-16T00:00:00+00:00 [queued]>
[2021-12-17 15:33:41,681] {taskinstance.py:1241} INFO - 
--------------------------------------------------------------------------------
[2021-12-17 15:33:41,681] {taskinstance.py:1242} INFO - Starting attempt 1 of 1
[2021-12-17 15:33:41,681] {taskinstance.py:1243} INFO - 
--------------------------------------------------------------------------------
[2021-12-17 15:33:41,702] {taskinstance.py:1262} INFO - Executing <Task(BranchPythonOperator): choose_best_model> on 2021-12-16 00:00:00+00:00
[2021-12-17 15:33:41,703] {standard_task_runner.py:52} INFO - Started process 12856 to run task
[2021-12-17 15:33:41,707] {standard_task_runner.py:76} INFO - Running: ['airflow', 'tasks', 'run', 'my_dag', 'choose_best_model', 'scheduled__2021-12-16T00:00:00+00:00', '--job-id', '15', '--raw', '--subdir', 'DAGS_FOLDER/my_dag.py', '--cfg-path', '/tmp/tmpxas_8f03', '--error-file', '/tmp/tmpx60ty8xl']
[2021-12-17 15:33:41,709] {standard_task_runner.py:77} INFO - Job 15: Subtask choose_best_model
[2021-12-17 15:33:41,750] {logging_mixin.py:109} INFO - Running <TaskInstance: my_dag.choose_best_model scheduled__2021-12-16T00:00:00+00:00 [running]> on host sofienkhanfir-VirtualBox
[2021-12-17 15:33:41,795] {taskinstance.py:1427} INFO - Exporting the following env vars:
AIRFLOW_CTX_DAG_OWNER=airflow
AIRFLOW_CTX_DAG_ID=my_dag
AIRFLOW_CTX_TASK_ID=choose_best_model
AIRFLOW_CTX_EXECUTION_DATE=2021-12-16T00:00:00+00:00
AIRFLOW_CTX_DAG_RUN_ID=scheduled__2021-12-16T00:00:00+00:00
[2021-12-17 15:33:41,797] {python.py:152} INFO - Done. Returned value was: accurate
[2021-12-17 15:33:41,797] {skipmixin.py:143} INFO - Following branch accurate
[2021-12-17 15:33:41,801] {skipmixin.py:174} INFO - Skipping tasks ['inaccurate']
[2021-12-17 15:33:41,832] {taskinstance.py:1270} INFO - Marking task as SUCCESS. dag_id=my_dag, task_id=choose_best_model, execution_date=20211216T000000, start_date=20211217T143341, end_date=20211217T143341
[2021-12-17 15:33:41,895] {local_task_job.py:154} INFO - Task exited with return code 0
[2021-12-17 15:33:41,927] {local_task_job.py:264} INFO - 1 downstream tasks scheduled from follow-on schedule check
